C:\Users\visus\Desktop\Blobby\trunk\BlobbyWarriors\Build\Box2D\..\..\Debug\Box2D.lib
C:\USERS\VISUS\DESKTOP\BLOBBY\TRUNK\BLOBBYWARRIORS\BUILD\BOX2D\BOX2D.DIR\DEBUG\B2BLOCKALLOCATOR.OBJ
C:\USERS\VISUS\DESKTOP\BLOBBY\TRUNK\BLOBBYWARRIORS\BUILD\BOX2D\BOX2D.DIR\DEBUG\B2BODY.OBJ
C:\USERS\VISUS\DESKTOP\BLOBBY\TRUNK\BLOBBYWARRIORS\BUILD\BOX2D\BOX2D.DIR\DEBUG\B2BROADPHASE.OBJ
C:\USERS\VISUS\DESKTOP\BLOBBY\TRUNK\BLOBBYWARRIORS\BUILD\BOX2D\BOX2D.DIR\DEBUG\B2CIRCLECONTACT.OBJ
C:\USERS\VISUS\DESKTOP\BLOBBY\TRUNK\BLOBBYWARRIORS\BUILD\BOX2D\BOX2D.DIR\DEBUG\B2CIRCLESHAPE.OBJ
C:\USERS\VISUS\DESKTOP\BLOBBY\TRUNK\BLOBBYWARRIORS\BUILD\BOX2D\BOX2D.DIR\DEBUG\B2COLLIDECIRCLE.OBJ
C:\USERS\VISUS\DESKTOP\BLOBBY\TRUNK\BLOBBYWARRIORS\BUILD\BOX2D\BOX2D.DIR\DEBUG\B2COLLIDEPOLYGON.OBJ
C:\USERS\VISUS\DESKTOP\BLOBBY\TRUNK\BLOBBYWARRIORS\BUILD\BOX2D\BOX2D.DIR\DEBUG\B2COLLISION.OBJ
C:\USERS\VISUS\DESKTOP\BLOBBY\TRUNK\BLOBBYWARRIORS\BUILD\BOX2D\BOX2D.DIR\DEBUG\B2CONTACT.OBJ
C:\USERS\VISUS\DESKTOP\BLOBBY\TRUNK\BLOBBYWARRIORS\BUILD\BOX2D\BOX2D.DIR\DEBUG\B2CONTACTMANAGER.OBJ
C:\USERS\VISUS\DESKTOP\BLOBBY\TRUNK\BLOBBYWARRIORS\BUILD\BOX2D\BOX2D.DIR\DEBUG\B2CONTACTSOLVER.OBJ
C:\USERS\VISUS\DESKTOP\BLOBBY\TRUNK\BLOBBYWARRIORS\BUILD\BOX2D\BOX2D.DIR\DEBUG\B2DISTANCE.OBJ
C:\USERS\VISUS\DESKTOP\BLOBBY\TRUNK\BLOBBYWARRIORS\BUILD\BOX2D\BOX2D.DIR\DEBUG\B2DISTANCEJOINT.OBJ
C:\USERS\VISUS\DESKTOP\BLOBBY\TRUNK\BLOBBYWARRIORS\BUILD\BOX2D\BOX2D.DIR\DEBUG\B2DYNAMICTREE.OBJ
C:\USERS\VISUS\DESKTOP\BLOBBY\TRUNK\BLOBBYWARRIORS\BUILD\BOX2D\BOX2D.DIR\DEBUG\B2FIXTURE.OBJ
C:\USERS\VISUS\DESKTOP\BLOBBY\TRUNK\BLOBBYWARRIORS\BUILD\BOX2D\BOX2D.DIR\DEBUG\B2FRICTIONJOINT.OBJ
C:\USERS\VISUS\DESKTOP\BLOBBY\TRUNK\BLOBBYWARRIORS\BUILD\BOX2D\BOX2D.DIR\DEBUG\B2GEARJOINT.OBJ
C:\USERS\VISUS\DESKTOP\BLOBBY\TRUNK\BLOBBYWARRIORS\BUILD\BOX2D\BOX2D.DIR\DEBUG\B2ISLAND.OBJ
C:\USERS\VISUS\DESKTOP\BLOBBY\TRUNK\BLOBBYWARRIORS\BUILD\BOX2D\BOX2D.DIR\DEBUG\B2JOINT.OBJ
C:\USERS\VISUS\DESKTOP\BLOBBY\TRUNK\BLOBBYWARRIORS\BUILD\BOX2D\BOX2D.DIR\DEBUG\B2LINEJOINT.OBJ
C:\USERS\VISUS\DESKTOP\BLOBBY\TRUNK\BLOBBYWARRIORS\BUILD\BOX2D\BOX2D.DIR\DEBUG\B2MATH.OBJ
C:\USERS\VISUS\DESKTOP\BLOBBY\TRUNK\BLOBBYWARRIORS\BUILD\BOX2D\BOX2D.DIR\DEBUG\B2MOUSEJOINT.OBJ
C:\USERS\VISUS\DESKTOP\BLOBBY\TRUNK\BLOBBYWARRIORS\BUILD\BOX2D\BOX2D.DIR\DEBUG\B2POLYGONANDCIRCLECONTACT.OBJ
C:\USERS\VISUS\DESKTOP\BLOBBY\TRUNK\BLOBBYWARRIORS\BUILD\BOX2D\BOX2D.DIR\DEBUG\B2POLYGONCONTACT.OBJ
C:\USERS\VISUS\DESKTOP\BLOBBY\TRUNK\BLOBBYWARRIORS\BUILD\BOX2D\BOX2D.DIR\DEBUG\B2POLYGONSHAPE.OBJ
C:\USERS\VISUS\DESKTOP\BLOBBY\TRUNK\BLOBBYWARRIORS\BUILD\BOX2D\BOX2D.DIR\DEBUG\B2PRISMATICJOINT.OBJ
C:\USERS\VISUS\DESKTOP\BLOBBY\TRUNK\BLOBBYWARRIORS\BUILD\BOX2D\BOX2D.DIR\DEBUG\B2PULLEYJOINT.OBJ
C:\USERS\VISUS\DESKTOP\BLOBBY\TRUNK\BLOBBYWARRIORS\BUILD\BOX2D\BOX2D.DIR\DEBUG\B2REVOLUTEJOINT.OBJ
C:\USERS\VISUS\DESKTOP\BLOBBY\TRUNK\BLOBBYWARRIORS\BUILD\BOX2D\BOX2D.DIR\DEBUG\B2SETTINGS.OBJ
C:\USERS\VISUS\DESKTOP\BLOBBY\TRUNK\BLOBBYWARRIORS\BUILD\BOX2D\BOX2D.DIR\DEBUG\B2STACKALLOCATOR.OBJ
C:\USERS\VISUS\DESKTOP\BLOBBY\TRUNK\BLOBBYWARRIORS\BUILD\BOX2D\BOX2D.DIR\DEBUG\B2TIMEOFIMPACT.OBJ
C:\USERS\VISUS\DESKTOP\BLOBBY\TRUNK\BLOBBYWARRIORS\BUILD\BOX2D\BOX2D.DIR\DEBUG\B2TOISOLVER.OBJ
C:\USERS\VISUS\DESKTOP\BLOBBY\TRUNK\BLOBBYWARRIORS\BUILD\BOX2D\BOX2D.DIR\DEBUG\B2WELDJOINT.OBJ
C:\USERS\VISUS\DESKTOP\BLOBBY\TRUNK\BLOBBYWARRIORS\BUILD\BOX2D\BOX2D.DIR\DEBUG\B2WORLD.OBJ
C:\USERS\VISUS\DESKTOP\BLOBBY\TRUNK\BLOBBYWARRIORS\BUILD\BOX2D\BOX2D.DIR\DEBUG\B2WORLDCALLBACKS.OBJ
C:\Users\visus\Desktop\Blobby\trunk\BlobbyWarriors\Build\Box2D\Box2D.dir\Debug\cl.command.1.tlog
C:\Users\visus\Desktop\Blobby\trunk\BlobbyWarriors\Build\Box2D\Box2D.dir\Debug\CL.read.1.tlog
C:\Users\visus\Desktop\Blobby\trunk\BlobbyWarriors\Build\Box2D\Box2D.dir\Debug\CL.write.1.tlog
C:\Users\visus\Desktop\Blobby\trunk\BlobbyWarriors\Build\Box2D\Box2D.dir\Debug\lib.command.1.tlog
C:\Users\visus\Desktop\Blobby\trunk\BlobbyWarriors\Build\Box2D\Box2D.dir\Debug\Lib-link.read.1.tlog
C:\Users\visus\Desktop\Blobby\trunk\BlobbyWarriors\Build\Box2D\Box2D.dir\Debug\Lib-link.write.1.tlog
C:\USERS\VISUS\DESKTOP\BLOBBY\TRUNK\BLOBBYWARRIORS\BUILD\BOX2D\BOX2D.DIR\DEBUG\VC100.PDB
C:\USERS\VISUS\DESKTOP\BLOBBY\TRUNK\BLOBBYWARRIORS\DEBUG\BOX2D.LIB
