C:\Users\visus\Desktop\Blobby\trunk\BlobbyWarriors\Build\glui\..\..\Release\glui.lib
C:\USERS\VISUS\DESKTOP\BLOBBY\TRUNK\BLOBBYWARRIORS\BUILD\GLUI\GLUI.DIR\RELEASE\ALGEBRA3.OBJ
C:\USERS\VISUS\DESKTOP\BLOBBY\TRUNK\BLOBBYWARRIORS\BUILD\GLUI\GLUI.DIR\RELEASE\ARCBALL.OBJ
C:\Users\visus\Desktop\Blobby\trunk\BlobbyWarriors\Build\glui\glui.dir\Release\cl.command.1.tlog
C:\Users\visus\Desktop\Blobby\trunk\BlobbyWarriors\Build\glui\glui.dir\Release\CL.read.1.tlog
C:\Users\visus\Desktop\Blobby\trunk\BlobbyWarriors\Build\glui\glui.dir\Release\CL.write.1.tlog
C:\USERS\VISUS\DESKTOP\BLOBBY\TRUNK\BLOBBYWARRIORS\BUILD\GLUI\GLUI.DIR\RELEASE\GLUI.OBJ
C:\USERS\VISUS\DESKTOP\BLOBBY\TRUNK\BLOBBYWARRIORS\BUILD\GLUI\GLUI.DIR\RELEASE\GLUI_ADD_CONTROLS.OBJ
C:\USERS\VISUS\DESKTOP\BLOBBY\TRUNK\BLOBBYWARRIORS\BUILD\GLUI\GLUI.DIR\RELEASE\GLUI_BITMAP_IMG_DATA.OBJ
C:\USERS\VISUS\DESKTOP\BLOBBY\TRUNK\BLOBBYWARRIORS\BUILD\GLUI\GLUI.DIR\RELEASE\GLUI_BITMAPS.OBJ
C:\USERS\VISUS\DESKTOP\BLOBBY\TRUNK\BLOBBYWARRIORS\BUILD\GLUI\GLUI.DIR\RELEASE\GLUI_BUTTON.OBJ
C:\USERS\VISUS\DESKTOP\BLOBBY\TRUNK\BLOBBYWARRIORS\BUILD\GLUI\GLUI.DIR\RELEASE\GLUI_CHECKBOX.OBJ
C:\USERS\VISUS\DESKTOP\BLOBBY\TRUNK\BLOBBYWARRIORS\BUILD\GLUI\GLUI.DIR\RELEASE\GLUI_COLUMN.OBJ
C:\USERS\VISUS\DESKTOP\BLOBBY\TRUNK\BLOBBYWARRIORS\BUILD\GLUI\GLUI.DIR\RELEASE\GLUI_COMMANDLINE.OBJ
C:\USERS\VISUS\DESKTOP\BLOBBY\TRUNK\BLOBBYWARRIORS\BUILD\GLUI\GLUI.DIR\RELEASE\GLUI_CONTROL.OBJ
C:\USERS\VISUS\DESKTOP\BLOBBY\TRUNK\BLOBBYWARRIORS\BUILD\GLUI\GLUI.DIR\RELEASE\GLUI_EDITTEXT.OBJ
C:\USERS\VISUS\DESKTOP\BLOBBY\TRUNK\BLOBBYWARRIORS\BUILD\GLUI\GLUI.DIR\RELEASE\GLUI_FILEBROWSER.OBJ
C:\USERS\VISUS\DESKTOP\BLOBBY\TRUNK\BLOBBYWARRIORS\BUILD\GLUI\GLUI.DIR\RELEASE\GLUI_LIST.OBJ
C:\USERS\VISUS\DESKTOP\BLOBBY\TRUNK\BLOBBYWARRIORS\BUILD\GLUI\GLUI.DIR\RELEASE\GLUI_LISTBOX.OBJ
C:\USERS\VISUS\DESKTOP\BLOBBY\TRUNK\BLOBBYWARRIORS\BUILD\GLUI\GLUI.DIR\RELEASE\GLUI_MOUSE_IACTION.OBJ
C:\USERS\VISUS\DESKTOP\BLOBBY\TRUNK\BLOBBYWARRIORS\BUILD\GLUI\GLUI.DIR\RELEASE\GLUI_NODE.OBJ
C:\USERS\VISUS\DESKTOP\BLOBBY\TRUNK\BLOBBYWARRIORS\BUILD\GLUI\GLUI.DIR\RELEASE\GLUI_PANEL.OBJ
C:\USERS\VISUS\DESKTOP\BLOBBY\TRUNK\BLOBBYWARRIORS\BUILD\GLUI\GLUI.DIR\RELEASE\GLUI_RADIO.OBJ
C:\USERS\VISUS\DESKTOP\BLOBBY\TRUNK\BLOBBYWARRIORS\BUILD\GLUI\GLUI.DIR\RELEASE\GLUI_ROLLOUT.OBJ
C:\USERS\VISUS\DESKTOP\BLOBBY\TRUNK\BLOBBYWARRIORS\BUILD\GLUI\GLUI.DIR\RELEASE\GLUI_ROTATION.OBJ
C:\USERS\VISUS\DESKTOP\BLOBBY\TRUNK\BLOBBYWARRIORS\BUILD\GLUI\GLUI.DIR\RELEASE\GLUI_SCROLLBAR.OBJ
C:\USERS\VISUS\DESKTOP\BLOBBY\TRUNK\BLOBBYWARRIORS\BUILD\GLUI\GLUI.DIR\RELEASE\GLUI_SEPARATOR.OBJ
C:\USERS\VISUS\DESKTOP\BLOBBY\TRUNK\BLOBBYWARRIORS\BUILD\GLUI\GLUI.DIR\RELEASE\GLUI_SPINNER.OBJ
C:\USERS\VISUS\DESKTOP\BLOBBY\TRUNK\BLOBBYWARRIORS\BUILD\GLUI\GLUI.DIR\RELEASE\GLUI_STATICTEXT.OBJ
C:\USERS\VISUS\DESKTOP\BLOBBY\TRUNK\BLOBBYWARRIORS\BUILD\GLUI\GLUI.DIR\RELEASE\GLUI_STRING.OBJ
C:\USERS\VISUS\DESKTOP\BLOBBY\TRUNK\BLOBBYWARRIORS\BUILD\GLUI\GLUI.DIR\RELEASE\GLUI_TEXTBOX.OBJ
C:\USERS\VISUS\DESKTOP\BLOBBY\TRUNK\BLOBBYWARRIORS\BUILD\GLUI\GLUI.DIR\RELEASE\GLUI_TRANSLATION.OBJ
C:\USERS\VISUS\DESKTOP\BLOBBY\TRUNK\BLOBBYWARRIORS\BUILD\GLUI\GLUI.DIR\RELEASE\GLUI_TREE.OBJ
C:\USERS\VISUS\DESKTOP\BLOBBY\TRUNK\BLOBBYWARRIORS\BUILD\GLUI\GLUI.DIR\RELEASE\GLUI_TREEPANEL.OBJ
C:\USERS\VISUS\DESKTOP\BLOBBY\TRUNK\BLOBBYWARRIORS\BUILD\GLUI\GLUI.DIR\RELEASE\GLUI_WINDOW.OBJ
C:\Users\visus\Desktop\Blobby\trunk\BlobbyWarriors\Build\glui\glui.dir\Release\lib.command.1.tlog
C:\Users\visus\Desktop\Blobby\trunk\BlobbyWarriors\Build\glui\glui.dir\Release\Lib-link.read.1.tlog
C:\Users\visus\Desktop\Blobby\trunk\BlobbyWarriors\Build\glui\glui.dir\Release\Lib-link.write.1.tlog
C:\USERS\VISUS\DESKTOP\BLOBBY\TRUNK\BLOBBYWARRIORS\BUILD\GLUI\GLUI.DIR\RELEASE\QUATERNION.OBJ
C:\USERS\VISUS\DESKTOP\BLOBBY\TRUNK\BLOBBYWARRIORS\BUILD\GLUI\GLUI.DIR\RELEASE\VC100.PDB
C:\USERS\VISUS\DESKTOP\BLOBBY\TRUNK\BLOBBYWARRIORS\RELEASE\GLUI.LIB
