C:\Users\visus\Desktop\Blobby\trunk\BlobbyWarriors\Build\glui\..\..\Debug\glui.lib
C:\USERS\VISUS\DESKTOP\BLOBBY\TRUNK\BLOBBYWARRIORS\BUILD\GLUI\GLUI.DIR\DEBUG\ALGEBRA3.OBJ
C:\USERS\VISUS\DESKTOP\BLOBBY\TRUNK\BLOBBYWARRIORS\BUILD\GLUI\GLUI.DIR\DEBUG\ARCBALL.OBJ
C:\Users\visus\Desktop\Blobby\trunk\BlobbyWarriors\Build\glui\glui.dir\Debug\cl.command.1.tlog
C:\Users\visus\Desktop\Blobby\trunk\BlobbyWarriors\Build\glui\glui.dir\Debug\CL.read.1.tlog
C:\Users\visus\Desktop\Blobby\trunk\BlobbyWarriors\Build\glui\glui.dir\Debug\CL.write.1.tlog
C:\USERS\VISUS\DESKTOP\BLOBBY\TRUNK\BLOBBYWARRIORS\BUILD\GLUI\GLUI.DIR\DEBUG\GLUI.OBJ
C:\USERS\VISUS\DESKTOP\BLOBBY\TRUNK\BLOBBYWARRIORS\BUILD\GLUI\GLUI.DIR\DEBUG\GLUI_ADD_CONTROLS.OBJ
C:\USERS\VISUS\DESKTOP\BLOBBY\TRUNK\BLOBBYWARRIORS\BUILD\GLUI\GLUI.DIR\DEBUG\GLUI_BITMAP_IMG_DATA.OBJ
C:\USERS\VISUS\DESKTOP\BLOBBY\TRUNK\BLOBBYWARRIORS\BUILD\GLUI\GLUI.DIR\DEBUG\GLUI_BITMAPS.OBJ
C:\USERS\VISUS\DESKTOP\BLOBBY\TRUNK\BLOBBYWARRIORS\BUILD\GLUI\GLUI.DIR\DEBUG\GLUI_BUTTON.OBJ
C:\USERS\VISUS\DESKTOP\BLOBBY\TRUNK\BLOBBYWARRIORS\BUILD\GLUI\GLUI.DIR\DEBUG\GLUI_CHECKBOX.OBJ
C:\USERS\VISUS\DESKTOP\BLOBBY\TRUNK\BLOBBYWARRIORS\BUILD\GLUI\GLUI.DIR\DEBUG\GLUI_COLUMN.OBJ
C:\USERS\VISUS\DESKTOP\BLOBBY\TRUNK\BLOBBYWARRIORS\BUILD\GLUI\GLUI.DIR\DEBUG\GLUI_COMMANDLINE.OBJ
C:\USERS\VISUS\DESKTOP\BLOBBY\TRUNK\BLOBBYWARRIORS\BUILD\GLUI\GLUI.DIR\DEBUG\GLUI_CONTROL.OBJ
C:\USERS\VISUS\DESKTOP\BLOBBY\TRUNK\BLOBBYWARRIORS\BUILD\GLUI\GLUI.DIR\DEBUG\GLUI_EDITTEXT.OBJ
C:\USERS\VISUS\DESKTOP\BLOBBY\TRUNK\BLOBBYWARRIORS\BUILD\GLUI\GLUI.DIR\DEBUG\GLUI_FILEBROWSER.OBJ
C:\USERS\VISUS\DESKTOP\BLOBBY\TRUNK\BLOBBYWARRIORS\BUILD\GLUI\GLUI.DIR\DEBUG\GLUI_LIST.OBJ
C:\USERS\VISUS\DESKTOP\BLOBBY\TRUNK\BLOBBYWARRIORS\BUILD\GLUI\GLUI.DIR\DEBUG\GLUI_LISTBOX.OBJ
C:\USERS\VISUS\DESKTOP\BLOBBY\TRUNK\BLOBBYWARRIORS\BUILD\GLUI\GLUI.DIR\DEBUG\GLUI_MOUSE_IACTION.OBJ
C:\USERS\VISUS\DESKTOP\BLOBBY\TRUNK\BLOBBYWARRIORS\BUILD\GLUI\GLUI.DIR\DEBUG\GLUI_NODE.OBJ
C:\USERS\VISUS\DESKTOP\BLOBBY\TRUNK\BLOBBYWARRIORS\BUILD\GLUI\GLUI.DIR\DEBUG\GLUI_PANEL.OBJ
C:\USERS\VISUS\DESKTOP\BLOBBY\TRUNK\BLOBBYWARRIORS\BUILD\GLUI\GLUI.DIR\DEBUG\GLUI_RADIO.OBJ
C:\USERS\VISUS\DESKTOP\BLOBBY\TRUNK\BLOBBYWARRIORS\BUILD\GLUI\GLUI.DIR\DEBUG\GLUI_ROLLOUT.OBJ
C:\USERS\VISUS\DESKTOP\BLOBBY\TRUNK\BLOBBYWARRIORS\BUILD\GLUI\GLUI.DIR\DEBUG\GLUI_ROTATION.OBJ
C:\USERS\VISUS\DESKTOP\BLOBBY\TRUNK\BLOBBYWARRIORS\BUILD\GLUI\GLUI.DIR\DEBUG\GLUI_SCROLLBAR.OBJ
C:\USERS\VISUS\DESKTOP\BLOBBY\TRUNK\BLOBBYWARRIORS\BUILD\GLUI\GLUI.DIR\DEBUG\GLUI_SEPARATOR.OBJ
C:\USERS\VISUS\DESKTOP\BLOBBY\TRUNK\BLOBBYWARRIORS\BUILD\GLUI\GLUI.DIR\DEBUG\GLUI_SPINNER.OBJ
C:\USERS\VISUS\DESKTOP\BLOBBY\TRUNK\BLOBBYWARRIORS\BUILD\GLUI\GLUI.DIR\DEBUG\GLUI_STATICTEXT.OBJ
C:\USERS\VISUS\DESKTOP\BLOBBY\TRUNK\BLOBBYWARRIORS\BUILD\GLUI\GLUI.DIR\DEBUG\GLUI_STRING.OBJ
C:\USERS\VISUS\DESKTOP\BLOBBY\TRUNK\BLOBBYWARRIORS\BUILD\GLUI\GLUI.DIR\DEBUG\GLUI_TEXTBOX.OBJ
C:\USERS\VISUS\DESKTOP\BLOBBY\TRUNK\BLOBBYWARRIORS\BUILD\GLUI\GLUI.DIR\DEBUG\GLUI_TRANSLATION.OBJ
C:\USERS\VISUS\DESKTOP\BLOBBY\TRUNK\BLOBBYWARRIORS\BUILD\GLUI\GLUI.DIR\DEBUG\GLUI_TREE.OBJ
C:\USERS\VISUS\DESKTOP\BLOBBY\TRUNK\BLOBBYWARRIORS\BUILD\GLUI\GLUI.DIR\DEBUG\GLUI_TREEPANEL.OBJ
C:\USERS\VISUS\DESKTOP\BLOBBY\TRUNK\BLOBBYWARRIORS\BUILD\GLUI\GLUI.DIR\DEBUG\GLUI_WINDOW.OBJ
C:\Users\visus\Desktop\Blobby\trunk\BlobbyWarriors\Build\glui\glui.dir\Debug\lib.command.1.tlog
C:\Users\visus\Desktop\Blobby\trunk\BlobbyWarriors\Build\glui\glui.dir\Debug\Lib-link.read.1.tlog
C:\Users\visus\Desktop\Blobby\trunk\BlobbyWarriors\Build\glui\glui.dir\Debug\Lib-link.write.1.tlog
C:\USERS\VISUS\DESKTOP\BLOBBY\TRUNK\BLOBBYWARRIORS\BUILD\GLUI\GLUI.DIR\DEBUG\QUATERNION.OBJ
C:\USERS\VISUS\DESKTOP\BLOBBY\TRUNK\BLOBBYWARRIORS\BUILD\GLUI\GLUI.DIR\DEBUG\VC100.PDB
C:\USERS\VISUS\DESKTOP\BLOBBY\TRUNK\BLOBBYWARRIORS\DEBUG\GLUI.LIB
