..\..\Release\BlobbyWarriors.pdb
C:\Users\visus\Desktop\Blobby\trunk\BlobbyWarriors\Build\BlobbyWarriors\..\..\Release\BlobbyWarriors.exe
C:\USERS\VISUS\DESKTOP\BLOBBY\TRUNK\BLOBBYWARRIORS\BUILD\BLOBBYWARRIORS\BLOBBYWARRIORS.DIR\RELEASE\ABSTRACTCONTROLLER.OBJ
C:\USERS\VISUS\DESKTOP\BLOBBY\TRUNK\BLOBBYWARRIORS\BUILD\BLOBBYWARRIORS\BLOBBYWARRIORS.DIR\RELEASE\ABSTRACTENTITY.OBJ
C:\USERS\VISUS\DESKTOP\BLOBBY\TRUNK\BLOBBYWARRIORS\BUILD\BLOBBYWARRIORS\BLOBBYWARRIORS.DIR\RELEASE\ABSTRACTWEAPON.OBJ
C:\USERS\VISUS\DESKTOP\BLOBBY\TRUNK\BLOBBYWARRIORS\BUILD\BLOBBYWARRIORS\BLOBBYWARRIORS.DIR\RELEASE\BLOBBY.OBJ
C:\USERS\VISUS\DESKTOP\BLOBBY\TRUNK\BLOBBYWARRIORS\BUILD\BLOBBYWARRIORS\BLOBBYWARRIORS.DIR\RELEASE\BLOBBYFACTORY.OBJ
C:\USERS\VISUS\DESKTOP\BLOBBY\TRUNK\BLOBBYWARRIORS\BUILD\BLOBBYWARRIORS\BLOBBYWARRIORS.DIR\RELEASE\BLOBBYWARRIORS.EXE.INTERMEDIATE.MANIFEST
C:\USERS\VISUS\DESKTOP\BLOBBY\TRUNK\BLOBBYWARRIORS\BUILD\BLOBBYWARRIORS\BLOBBYWARRIORS.DIR\RELEASE\BOTCONTROLLER.OBJ
C:\Users\visus\Desktop\Blobby\trunk\BlobbyWarriors\Build\BlobbyWarriors\BlobbyWarriors.dir\Release\cl.command.1.tlog
C:\Users\visus\Desktop\Blobby\trunk\BlobbyWarriors\Build\BlobbyWarriors\BlobbyWarriors.dir\Release\CL.read.1.tlog
C:\Users\visus\Desktop\Blobby\trunk\BlobbyWarriors\Build\BlobbyWarriors\BlobbyWarriors.dir\Release\CL.write.1.tlog
C:\USERS\VISUS\DESKTOP\BLOBBY\TRUNK\BLOBBYWARRIORS\BUILD\BLOBBYWARRIORS\BLOBBYWARRIORS.DIR\RELEASE\CONTACTLISTENER.OBJ
C:\USERS\VISUS\DESKTOP\BLOBBY\TRUNK\BLOBBYWARRIORS\BUILD\BLOBBYWARRIORS\BLOBBYWARRIORS.DIR\RELEASE\DEBUG.OBJ
C:\USERS\VISUS\DESKTOP\BLOBBY\TRUNK\BLOBBYWARRIORS\BUILD\BLOBBYWARRIORS\BLOBBYWARRIORS.DIR\RELEASE\ENTITYFACTORY.OBJ
C:\USERS\VISUS\DESKTOP\BLOBBY\TRUNK\BLOBBYWARRIORS\BUILD\BLOBBYWARRIORS\BLOBBYWARRIORS.DIR\RELEASE\GAMEWORLD.OBJ
C:\USERS\VISUS\DESKTOP\BLOBBY\TRUNK\BLOBBYWARRIORS\BUILD\BLOBBYWARRIORS\BLOBBYWARRIORS.DIR\RELEASE\GRAPHICSENGINE.OBJ
C:\USERS\VISUS\DESKTOP\BLOBBY\TRUNK\BLOBBYWARRIORS\BUILD\BLOBBYWARRIORS\BLOBBYWARRIORS.DIR\RELEASE\GROUND.OBJ
C:\USERS\VISUS\DESKTOP\BLOBBY\TRUNK\BLOBBYWARRIORS\BUILD\BLOBBYWARRIORS\BLOBBYWARRIORS.DIR\RELEASE\GROUNDFACTORY.OBJ
C:\USERS\VISUS\DESKTOP\BLOBBY\TRUNK\BLOBBYWARRIORS\BUILD\BLOBBYWARRIORS\BLOBBYWARRIORS.DIR\RELEASE\IWEARABLE.OBJ
C:\USERS\VISUS\DESKTOP\BLOBBY\TRUNK\BLOBBYWARRIORS\BUILD\BLOBBYWARRIORS\BLOBBYWARRIORS.DIR\RELEASE\KEYBOARDHANDLER.OBJ
C:\USERS\VISUS\DESKTOP\BLOBBY\TRUNK\BLOBBYWARRIORS\BUILD\BLOBBYWARRIORS\BLOBBYWARRIORS.DIR\RELEASE\LEVEL.OBJ
C:\Users\visus\Desktop\Blobby\trunk\BlobbyWarriors\Build\BlobbyWarriors\BlobbyWarriors.dir\Release\link.command.1.tlog
C:\Users\visus\Desktop\Blobby\trunk\BlobbyWarriors\Build\BlobbyWarriors\BlobbyWarriors.dir\Release\link.read.1.tlog
C:\Users\visus\Desktop\Blobby\trunk\BlobbyWarriors\Build\BlobbyWarriors\BlobbyWarriors.dir\Release\link.write.1.tlog
C:\USERS\VISUS\DESKTOP\BLOBBY\TRUNK\BLOBBYWARRIORS\BUILD\BLOBBYWARRIORS\BLOBBYWARRIORS.DIR\RELEASE\MACHINEGUN.OBJ
C:\USERS\VISUS\DESKTOP\BLOBBY\TRUNK\BLOBBYWARRIORS\BUILD\BLOBBYWARRIORS\BLOBBYWARRIORS.DIR\RELEASE\MACHINEGUNBULLET.OBJ
C:\USERS\VISUS\DESKTOP\BLOBBY\TRUNK\BLOBBYWARRIORS\BUILD\BLOBBYWARRIORS\BLOBBYWARRIORS.DIR\RELEASE\MACHINEGUNBULLETFACTORY.OBJ
C:\USERS\VISUS\DESKTOP\BLOBBY\TRUNK\BLOBBYWARRIORS\BUILD\BLOBBYWARRIORS\BLOBBYWARRIORS.DIR\RELEASE\MACHINEGUNFACTORY.OBJ
C:\USERS\VISUS\DESKTOP\BLOBBY\TRUNK\BLOBBYWARRIORS\BUILD\BLOBBYWARRIORS\BLOBBYWARRIORS.DIR\RELEASE\MAIN.OBJ
C:\USERS\VISUS\DESKTOP\BLOBBY\TRUNK\BLOBBYWARRIORS\BUILD\BLOBBYWARRIORS\BLOBBYWARRIORS.DIR\RELEASE\MOUSEHANDLER.OBJ
C:\Users\visus\Desktop\Blobby\trunk\BlobbyWarriors\Build\BlobbyWarriors\BlobbyWarriors.dir\Release\mt.command.1.tlog
C:\Users\visus\Desktop\Blobby\trunk\BlobbyWarriors\Build\BlobbyWarriors\BlobbyWarriors.dir\Release\mt.read.1.tlog
C:\Users\visus\Desktop\Blobby\trunk\BlobbyWarriors\Build\BlobbyWarriors\BlobbyWarriors.dir\Release\mt.write.1.tlog
C:\USERS\VISUS\DESKTOP\BLOBBY\TRUNK\BLOBBYWARRIORS\BUILD\BLOBBYWARRIORS\BLOBBYWARRIORS.DIR\RELEASE\NETWORKCONTROLLER.OBJ
C:\USERS\VISUS\DESKTOP\BLOBBY\TRUNK\BLOBBYWARRIORS\BUILD\BLOBBYWARRIORS\BLOBBYWARRIORS.DIR\RELEASE\PLAYERCONTROLLER.OBJ
C:\USERS\VISUS\DESKTOP\BLOBBY\TRUNK\BLOBBYWARRIORS\BUILD\BLOBBYWARRIORS\BLOBBYWARRIORS.DIR\RELEASE\PUBLISHSUBSCRIBE.OBJ
C:\USERS\VISUS\DESKTOP\BLOBBY\TRUNK\BLOBBYWARRIORS\BUILD\BLOBBYWARRIORS\BLOBBYWARRIORS.DIR\RELEASE\SIMULATOR.OBJ
C:\USERS\VISUS\DESKTOP\BLOBBY\TRUNK\BLOBBYWARRIORS\BUILD\BLOBBYWARRIORS\BLOBBYWARRIORS.DIR\RELEASE\VC100.PDB
C:\USERS\VISUS\DESKTOP\BLOBBY\TRUNK\BLOBBYWARRIORS\RELEASE\BLOBBYWARRIORS.EXE
C:\USERS\VISUS\DESKTOP\BLOBBY\TRUNK\BLOBBYWARRIORS\RELEASE\BLOBBYWARRIORS.PDB
