Der Buildvorgang wurde am 12.11.2010 02:22:11 gestartet.
     1>Projekt "C:\Users\visus\Desktop\Blobby\trunk\BlobbyWarriors\Build\BlobbyWarriors\BlobbyWarriors.vcxproj" auf Knoten "2", build Ziel(e).
     1>InitializeBuildStatus:
         Aktualisieren des Timestamps von "BlobbyWarriors.dir\Release\BlobbyWarriors.unsuccessfulbuild".
       ClCompile:
         C:\Program Files\Microsoft Visual Studio 10.0\VC\bin\CL.exe /c /Zi /nologo /W3 /WX- /O2 /Oi /Oy- /GL /D WIN32 /D NDEBUG /D _WINDOWS /D FREEGLUT_STATIC /D _CRT_SECURE_NO_WARNINGS /D _UNICODE /D UNICODE /Gm- /EHsc /MD /GS /Gy /fp:precise /Zc:wchar_t /Zc:forScope /Fo"BlobbyWarriors.dir\Release\\" /Fd"BlobbyWarriors.dir\Release\vc100.pdb" /Gd /TP /analyze- /errorReport:prompt ..\..\Source\BlobbyWarriors\Model\Entity\AbstractWeapon.cpp
         AbstractWeapon.cpp
       Link:
         C:\Program Files\Microsoft Visual Studio 10.0\VC\bin\link.exe /ERRORREPORT:PROMPT /OUT:"..\..\Release\BlobbyWarriors.exe" /INCREMENTAL:NO /NOLOGO irrKlang.lib DevIL.lib ILU.lib ILUT.lib Box2D.lib freeglut_static.lib glui.lib kernel32.lib user32.lib gdi32.lib winspool.lib comdlg32.lib advapi32.lib shell32.lib ole32.lib oleaut32.lib uuid.lib odbc32.lib odbccp32.lib /MANIFEST /ManifestFile:"BlobbyWarriors.dir\Release\BlobbyWarriors.exe.intermediate.manifest" /MANIFESTUAC:"level='asInvoker' uiAccess='false'" /DEBUG /PDB:"C:\Users\visus\Desktop\Blobby\trunk\BlobbyWarriors\Release\BlobbyWarriors.pdb" /OPT:REF /OPT:ICF /LTCG /TLBID:1 /DYNAMICBASE /NXCOMPAT /IMPLIB:"..\..\Release\BlobbyWarriors.lib" /MACHINE:X86 /PROFILE BlobbyWarriors.dir\Release\Debug.obj
         BlobbyWarriors.dir\Release\Box.obj
         BlobbyWarriors.dir\Release\BoxFactory.obj
         BlobbyWarriors.dir\Release\Camera.obj
         BlobbyWarriors.dir\Release\GraphicsEngine.obj
         BlobbyWarriors.dir\Release\Image.obj
         BlobbyWarriors.dir\Release\KeyboardHandler.obj
         BlobbyWarriors.dir\Release\MouseHandler.obj
         BlobbyWarriors.dir\Release\Texture.obj
         BlobbyWarriors.dir\Release\TextureLoader.obj
         BlobbyWarriors.dir\Release\TextureManager.obj
         BlobbyWarriors.dir\Release\Texturizer.obj
         BlobbyWarriors.dir\Release\ContactListener.obj
         BlobbyWarriors.dir\Release\AbstractController.obj
         BlobbyWarriors.dir\Release\BotController.obj
         BlobbyWarriors.dir\Release\NetworkController.obj
         BlobbyWarriors.dir\Release\PlayerController.obj
         BlobbyWarriors.dir\Release\Level.obj
         BlobbyWarriors.dir\Release\Simulator.obj
         BlobbyWarriors.dir\Release\Main.obj
         BlobbyWarriors.dir\Release\AbstractEntity.obj
         BlobbyWarriors.dir\Release\AbstractWeapon.obj
         BlobbyWarriors.dir\Release\Blobby.obj
         BlobbyWarriors.dir\Release\BlobbyFactory.obj
         BlobbyWarriors.dir\Release\EntityFactory.obj
         BlobbyWarriors.dir\Release\FlamethrowerBulletFactory.obj
         BlobbyWarriors.dir\Release\FlamethrowerFactory.obj
         BlobbyWarriors.dir\Release\GroundFactory.obj
         BlobbyWarriors.dir\Release\MachineGunBulletFactory.obj
         BlobbyWarriors.dir\Release\MachineGunFactory.obj
         BlobbyWarriors.dir\Release\SkateboardFactory.obj
         BlobbyWarriors.dir\Release\Flamethrower.obj
         BlobbyWarriors.dir\Release\FlamethrowerBullet.obj
         BlobbyWarriors.dir\Release\Ground.obj
         BlobbyWarriors.dir\Release\IWearable.obj
         BlobbyWarriors.dir\Release\MachineGun.obj
         BlobbyWarriors.dir\Release\MachineGunBullet.obj
         BlobbyWarriors.dir\Release\Skateboard.obj
         BlobbyWarriors.dir\Release\GameWorld.obj
         BlobbyWarriors.dir\Release\PublishSubscribe.obj
         BlobbyWarriors.dir\Release\Sound.obj
         BlobbyWarriors.dir\Release\SoundEngine.obj
         BlobbyWarriors.dir\Release\SoundManager.obj
         Code wird generiert.
         Codegenerierung ist abgeschlossen.
         BlobbyWarriors.vcxproj -> C:\Users\visus\Desktop\Blobby\trunk\BlobbyWarriors\Build\BlobbyWarriors\..\..\Release\BlobbyWarriors.exe
       Manifest:
         C:\Program Files\Microsoft SDKs\Windows\v7.0A\bin\mt.exe /nologo /verbose /outputresource:"..\..\Release\BlobbyWarriors.exe;#1" /manifest BlobbyWarriors.dir\Release\BlobbyWarriors.exe.intermediate.manifest
       PostBuildEvent:
         copy ..\..\Contrib\DevIL\lib\unicode\DevIL.dll ..\..\Release\
         copy ..\..\Contrib\DevIL\lib\unicode\ILU.dll ..\..\Release\
         copy ..\..\Contrib\DevIL\lib\unicode\ILUT.dll ..\..\Release\
         copy ..\..\Contrib\irrKlang\lib\irrKlang.dll ..\..\Release\
         copy ..\..\Contrib\irrKlang\lib\ikpMP3.dll ..\..\Release\
         copy ..\..\Contrib\irrKlang\lib\ikpFlac.dll ..\..\Release\
         IF NOT EXIST ..\..\Release\data mkdir ..\..\Release\data
         xcopy ..\..\data ..\..\Release\data /E /Y
         :VCEnd
                 1 Datei(en) kopiert.
                 1 Datei(en) kopiert.
                 1 Datei(en) kopiert.
                 1 Datei(en) kopiert.
                 1 Datei(en) kopiert.
                 1 Datei(en) kopiert.
         ..\..\data\images\background\wall.jpg
         ..\..\data\images\blobby\01.bmp
         ..\..\data\images\blobby\01.png
         ..\..\data\images\blobby\02.bmp
         ..\..\data\images\blobby\02.png
         ..\..\data\images\blobby\03.bmp
         ..\..\data\images\blobby\03.png
         ..\..\data\images\blobby\04.bmp
         ..\..\data\images\blobby\04.png
         ..\..\data\images\blobby\05.bmp
         ..\..\data\images\blobby\05.png
         ..\..\data\images\blobby\blobbym1.bmp
         ..\..\data\images\blobby\blobbym2.bmp
         ..\..\data\images\blobby\blobbym3.bmp
         ..\..\data\images\blobby\blobbym4.bmp
         ..\..\data\images\blobby\blobbym5.bmp
         ..\..\data\images\flamethrower\flamethrower.bmp
         ..\..\data\images\flamethrower\flamethrower.psd
         ..\..\data\images\light\spot.jpg
         ..\..\data\images\machinegun\bullet.png
         ..\..\data\images\machinegun\machinegun.bmp
         ..\..\data\images\machinegun\machinegun.png
         ..\..\data\sound\getout.ogg
         ..\..\data\sound\weapons\flamethrower\shoot.ogg
         24 Datei(en) kopiert
       FinalizeBuildStatus:
         Die Datei "BlobbyWarriors.dir\Release\BlobbyWarriors.unsuccessfulbuild" wird gelöscht.
         Aktualisieren des Timestamps von "BlobbyWarriors.dir\Release\BlobbyWarriors.lastbuildstate".
     1>Die Erstellung des Projekts "C:\Users\visus\Desktop\Blobby\trunk\BlobbyWarriors\Build\BlobbyWarriors\BlobbyWarriors.vcxproj" ist abgeschlossen, build Ziel(e).

Das Erstellen war erfolgreich.

Verstrichene Zeit 00:00:07.84
