..\..\Debug\BlobbyWarriors.ilk
..\..\Debug\BlobbyWarriors.pdb
C:\Users\visus\Desktop\Blobby\trunk\BlobbyWarriors\Build\BlobbyWarriors\..\..\Debug\BlobbyWarriors.exe
C:\USERS\VISUS\DESKTOP\BLOBBY\TRUNK\BLOBBYWARRIORS\BUILD\BLOBBYWARRIORS\BLOBBYWARRIORS.DIR\DEBUG\ABSTRACTENTITY.OBJ
C:\USERS\VISUS\DESKTOP\BLOBBY\TRUNK\BLOBBYWARRIORS\BUILD\BLOBBYWARRIORS\BLOBBYWARRIORS.DIR\DEBUG\BLOBBY.OBJ
C:\USERS\VISUS\DESKTOP\BLOBBY\TRUNK\BLOBBYWARRIORS\BUILD\BLOBBYWARRIORS\BLOBBYWARRIORS.DIR\DEBUG\BLOBBYWARRIORS.EXE.EMBED.MANIFEST
C:\USERS\VISUS\DESKTOP\BLOBBY\TRUNK\BLOBBYWARRIORS\BUILD\BLOBBYWARRIORS\BLOBBYWARRIORS.DIR\DEBUG\BLOBBYWARRIORS.EXE.EMBED.MANIFEST.RES
C:\USERS\VISUS\DESKTOP\BLOBBY\TRUNK\BLOBBYWARRIORS\BUILD\BLOBBYWARRIORS\BLOBBYWARRIORS.DIR\DEBUG\BLOBBYWARRIORS.EXE.INTERMEDIATE.MANIFEST
C:\Users\visus\Desktop\Blobby\trunk\BlobbyWarriors\Build\BlobbyWarriors\BlobbyWarriors.dir\Debug\BlobbyWarriors_manifest.rc
C:\USERS\VISUS\DESKTOP\BLOBBY\TRUNK\BLOBBYWARRIORS\BUILD\BLOBBYWARRIORS\BLOBBYWARRIORS.DIR\DEBUG\BOTCONTROLLER.OBJ
C:\Users\visus\Desktop\Blobby\trunk\BlobbyWarriors\Build\BlobbyWarriors\BlobbyWarriors.dir\Debug\cl.command.1.tlog
C:\Users\visus\Desktop\Blobby\trunk\BlobbyWarriors\Build\BlobbyWarriors\BlobbyWarriors.dir\Debug\CL.read.1.tlog
C:\Users\visus\Desktop\Blobby\trunk\BlobbyWarriors\Build\BlobbyWarriors\BlobbyWarriors.dir\Debug\CL.write.1.tlog
C:\USERS\VISUS\DESKTOP\BLOBBY\TRUNK\BLOBBYWARRIORS\BUILD\BLOBBYWARRIORS\BLOBBYWARRIORS.DIR\DEBUG\DEBUG.OBJ
C:\USERS\VISUS\DESKTOP\BLOBBY\TRUNK\BLOBBYWARRIORS\BUILD\BLOBBYWARRIORS\BLOBBYWARRIORS.DIR\DEBUG\GRAPHICSENGINE.OBJ
C:\USERS\VISUS\DESKTOP\BLOBBY\TRUNK\BLOBBYWARRIORS\BUILD\BLOBBYWARRIORS\BLOBBYWARRIORS.DIR\DEBUG\ICONTROLLER.OBJ
C:\USERS\VISUS\DESKTOP\BLOBBY\TRUNK\BLOBBYWARRIORS\BUILD\BLOBBYWARRIORS\BLOBBYWARRIORS.DIR\DEBUG\IENTITY.OBJ
C:\Users\visus\Desktop\Blobby\trunk\BlobbyWarriors\Build\BlobbyWarriors\BlobbyWarriors.dir\Debug\link.command.1.tlog
C:\Users\visus\Desktop\Blobby\trunk\BlobbyWarriors\Build\BlobbyWarriors\BlobbyWarriors.dir\Debug\link.read.1.tlog
C:\Users\visus\Desktop\Blobby\trunk\BlobbyWarriors\Build\BlobbyWarriors\BlobbyWarriors.dir\Debug\link.write.1.tlog
C:\Users\visus\Desktop\Blobby\trunk\BlobbyWarriors\Build\BlobbyWarriors\BlobbyWarriors.dir\Debug\link-cvtres.read.1.tlog
C:\Users\visus\Desktop\Blobby\trunk\BlobbyWarriors\Build\BlobbyWarriors\BlobbyWarriors.dir\Debug\link-cvtres.write.1.tlog
C:\USERS\VISUS\DESKTOP\BLOBBY\TRUNK\BLOBBYWARRIORS\BUILD\BLOBBYWARRIORS\BLOBBYWARRIORS.DIR\DEBUG\MAIN.OBJ
C:\Users\visus\Desktop\Blobby\trunk\BlobbyWarriors\Build\BlobbyWarriors\BlobbyWarriors.dir\Debug\mt.command.1.tlog
C:\Users\visus\Desktop\Blobby\trunk\BlobbyWarriors\Build\BlobbyWarriors\BlobbyWarriors.dir\Debug\mt.read.1.tlog
C:\Users\visus\Desktop\Blobby\trunk\BlobbyWarriors\Build\BlobbyWarriors\BlobbyWarriors.dir\Debug\mt.write.1.tlog
C:\USERS\VISUS\DESKTOP\BLOBBY\TRUNK\BLOBBYWARRIORS\BUILD\BLOBBYWARRIORS\BLOBBYWARRIORS.DIR\DEBUG\NETWORKCONTROLLER.OBJ
C:\USERS\VISUS\DESKTOP\BLOBBY\TRUNK\BLOBBYWARRIORS\BUILD\BLOBBYWARRIORS\BLOBBYWARRIORS.DIR\DEBUG\PLAYERCONTROLLER.OBJ
C:\Users\visus\Desktop\Blobby\trunk\BlobbyWarriors\Build\BlobbyWarriors\BlobbyWarriors.dir\Debug\rc.command.1.tlog
C:\Users\visus\Desktop\Blobby\trunk\BlobbyWarriors\Build\BlobbyWarriors\BlobbyWarriors.dir\Debug\rc.read.1.tlog
C:\Users\visus\Desktop\Blobby\trunk\BlobbyWarriors\Build\BlobbyWarriors\BlobbyWarriors.dir\Debug\rc.write.1.tlog
C:\USERS\VISUS\DESKTOP\BLOBBY\TRUNK\BLOBBYWARRIORS\BUILD\BLOBBYWARRIORS\BLOBBYWARRIORS.DIR\DEBUG\SIMULATOR.OBJ
C:\Users\visus\Desktop\Blobby\trunk\BlobbyWarriors\Build\BlobbyWarriors\BlobbyWarriors.dir\Debug\vc100.idb
C:\USERS\VISUS\DESKTOP\BLOBBY\TRUNK\BLOBBYWARRIORS\BUILD\BLOBBYWARRIORS\BLOBBYWARRIORS.DIR\DEBUG\VC100.PDB
C:\USERS\VISUS\DESKTOP\BLOBBY\TRUNK\BLOBBYWARRIORS\DEBUG\BLOBBYWARRIORS.EXE
C:\USERS\VISUS\DESKTOP\BLOBBY\TRUNK\BLOBBYWARRIORS\DEBUG\BLOBBYWARRIORS.ILK
C:\USERS\VISUS\DESKTOP\BLOBBY\TRUNK\BLOBBYWARRIORS\DEBUG\BLOBBYWARRIORS.PDB
