Der Buildvorgang wurde am 20.11.2010 03:07:16 gestartet.
     1>Projekt "D:\Babeltech\Projects\BoW\trunk\BlobbyWarriors\Build\BlobbyWarriors\BlobbyWarriors.vcxproj" auf Knoten "2", build Ziel(e).
     1>InitializeBuildStatus:
         "BlobbyWarriors.dir\Debug\BlobbyWarriors.unsuccessfulbuild" wird erstellt, da "AlwaysCreate" angegeben wurde.
       ClCompile:
         Alle Ausgaben sind aktuell.
       ManifestResourceCompile:
         Alle Ausgaben sind aktuell.
       Link:
         Alle Ausgaben sind aktuell.
       Manifest:
         Alle Ausgaben sind aktuell.
       PostBuildEvent:
         copy ..\..\Contrib\DevIL\lib\unicode\DevIL.dll ..\..\Debug\
         copy ..\..\Contrib\DevIL\lib\unicode\ILU.dll ..\..\Debug\
         copy ..\..\Contrib\DevIL\lib\unicode\ILUT.dll ..\..\Debug\
         copy ..\..\Contrib\irrKlang\lib\irrKlang.dll ..\..\Debug\
         copy ..\..\Contrib\irrKlang\lib\ikpMP3.dll ..\..\Debug\
         copy ..\..\Contrib\irrKlang\lib\ikpFlac.dll ..\..\Debug\
         IF NOT EXIST ..\..\Debug\data mkdir ..\..\Debug\data
         xcopy ..\..\data ..\..\Debug\data /E /Y
         :VCEnd
                 1 Datei(en) kopiert.
                 1 Datei(en) kopiert.
                 1 Datei(en) kopiert.
                 1 Datei(en) kopiert.
                 1 Datei(en) kopiert.
                 1 Datei(en) kopiert.
         ..\..\data\images\background\wall.jpg
         ..\..\data\images\blobby\01.bmp
         ..\..\data\images\blobby\01.png
         ..\..\data\images\blobby\02.bmp
         ..\..\data\images\blobby\02.png
         ..\..\data\images\blobby\03.bmp
         ..\..\data\images\blobby\03.png
         ..\..\data\images\blobby\04.bmp
         ..\..\data\images\blobby\04.png
         ..\..\data\images\blobby\05.bmp
         ..\..\data\images\blobby\05.png
         ..\..\data\images\blobby\blobbym1.bmp
         ..\..\data\images\blobby\blobbym2.bmp
         ..\..\data\images\blobby\blobbym3.bmp
         ..\..\data\images\blobby\blobbym4.bmp
         ..\..\data\images\blobby\blobbym5.bmp
         ..\..\data\images\flamethrower\flamethrower.bmp
         ..\..\data\images\flamethrower\flamethrower.psd
         ..\..\data\images\light\spot.jpg
         ..\..\data\images\machinegun\bullet.png
         ..\..\data\images\machinegun\machinegun.bmp
         ..\..\data\images\machinegun\machinegun.png
         ..\..\data\levels\test\level.xml
         ..\..\data\sound\getout.ogg
         ..\..\data\sound\vaporrush.ogg
         ..\..\data\sound\weapons\flamethrower\blast.mp3
         ..\..\data\sound\weapons\flamethrower\blast.ogg
         ..\..\data\sound\weapons\flamethrower\shoot.mp3
         ..\..\data\sound\weapons\flamethrower\shoot.ogg
         ..\..\data\sound\weapons\flamethrower\shoot.wav
         ..\..\data\sound\weapons\flamethrower\old\shoot.ogg
         ..\..\data\sound\weapons\flamethrower\old\shootlong.ogg
         ..\..\data\sound\weapons\machinegun\shoot.ogg
         33 Datei(en) kopiert
       FinalizeBuildStatus:
         Die Datei "BlobbyWarriors.dir\Debug\BlobbyWarriors.unsuccessfulbuild" wird gelöscht.
         Aktualisieren des Timestamps von "BlobbyWarriors.dir\Debug\BlobbyWarriors.lastbuildstate".
     1>Die Erstellung des Projekts "D:\Babeltech\Projects\BoW\trunk\BlobbyWarriors\Build\BlobbyWarriors\BlobbyWarriors.vcxproj" ist abgeschlossen, build Ziel(e).

Das Erstellen war erfolgreich.

Verstrichene Zeit 00:00:00.65
