C:\Users\visus\Desktop\Blobby\trunk\BlobbyWarriors\Build\freeglut\..\..\Debug\freeglut_static.lib
C:\Users\visus\Desktop\Blobby\trunk\BlobbyWarriors\Build\freeglut\freeglut_static.dir\Debug\cl.command.1.tlog
C:\Users\visus\Desktop\Blobby\trunk\BlobbyWarriors\Build\freeglut\freeglut_static.dir\Debug\CL.read.1.tlog
C:\Users\visus\Desktop\Blobby\trunk\BlobbyWarriors\Build\freeglut\freeglut_static.dir\Debug\CL.write.1.tlog
C:\USERS\VISUS\DESKTOP\BLOBBY\TRUNK\BLOBBYWARRIORS\BUILD\FREEGLUT\FREEGLUT_STATIC.DIR\DEBUG\FREEGLUT_CALLBACKS.OBJ
C:\USERS\VISUS\DESKTOP\BLOBBY\TRUNK\BLOBBYWARRIORS\BUILD\FREEGLUT\FREEGLUT_STATIC.DIR\DEBUG\FREEGLUT_CURSOR.OBJ
C:\USERS\VISUS\DESKTOP\BLOBBY\TRUNK\BLOBBYWARRIORS\BUILD\FREEGLUT\FREEGLUT_STATIC.DIR\DEBUG\FREEGLUT_DISPLAY.OBJ
C:\USERS\VISUS\DESKTOP\BLOBBY\TRUNK\BLOBBYWARRIORS\BUILD\FREEGLUT\FREEGLUT_STATIC.DIR\DEBUG\FREEGLUT_EXT.OBJ
C:\USERS\VISUS\DESKTOP\BLOBBY\TRUNK\BLOBBYWARRIORS\BUILD\FREEGLUT\FREEGLUT_STATIC.DIR\DEBUG\FREEGLUT_FONT.OBJ
C:\USERS\VISUS\DESKTOP\BLOBBY\TRUNK\BLOBBYWARRIORS\BUILD\FREEGLUT\FREEGLUT_STATIC.DIR\DEBUG\FREEGLUT_FONT_DATA.OBJ
C:\USERS\VISUS\DESKTOP\BLOBBY\TRUNK\BLOBBYWARRIORS\BUILD\FREEGLUT\FREEGLUT_STATIC.DIR\DEBUG\FREEGLUT_GAMEMODE.OBJ
C:\USERS\VISUS\DESKTOP\BLOBBY\TRUNK\BLOBBYWARRIORS\BUILD\FREEGLUT\FREEGLUT_STATIC.DIR\DEBUG\FREEGLUT_GEOMETRY.OBJ
C:\USERS\VISUS\DESKTOP\BLOBBY\TRUNK\BLOBBYWARRIORS\BUILD\FREEGLUT\FREEGLUT_STATIC.DIR\DEBUG\FREEGLUT_GLUTFONT_DEFINITIONS.OBJ
C:\USERS\VISUS\DESKTOP\BLOBBY\TRUNK\BLOBBYWARRIORS\BUILD\FREEGLUT\FREEGLUT_STATIC.DIR\DEBUG\FREEGLUT_INIT.OBJ
C:\USERS\VISUS\DESKTOP\BLOBBY\TRUNK\BLOBBYWARRIORS\BUILD\FREEGLUT\FREEGLUT_STATIC.DIR\DEBUG\FREEGLUT_INPUT_DEVICES.OBJ
C:\USERS\VISUS\DESKTOP\BLOBBY\TRUNK\BLOBBYWARRIORS\BUILD\FREEGLUT\FREEGLUT_STATIC.DIR\DEBUG\FREEGLUT_JOYSTICK.OBJ
C:\USERS\VISUS\DESKTOP\BLOBBY\TRUNK\BLOBBYWARRIORS\BUILD\FREEGLUT\FREEGLUT_STATIC.DIR\DEBUG\FREEGLUT_MAIN.OBJ
C:\USERS\VISUS\DESKTOP\BLOBBY\TRUNK\BLOBBYWARRIORS\BUILD\FREEGLUT\FREEGLUT_STATIC.DIR\DEBUG\FREEGLUT_MENU.OBJ
C:\USERS\VISUS\DESKTOP\BLOBBY\TRUNK\BLOBBYWARRIORS\BUILD\FREEGLUT\FREEGLUT_STATIC.DIR\DEBUG\FREEGLUT_MISC.OBJ
C:\USERS\VISUS\DESKTOP\BLOBBY\TRUNK\BLOBBYWARRIORS\BUILD\FREEGLUT\FREEGLUT_STATIC.DIR\DEBUG\FREEGLUT_OVERLAY.OBJ
C:\USERS\VISUS\DESKTOP\BLOBBY\TRUNK\BLOBBYWARRIORS\BUILD\FREEGLUT\FREEGLUT_STATIC.DIR\DEBUG\FREEGLUT_SPACEBALL.OBJ
C:\USERS\VISUS\DESKTOP\BLOBBY\TRUNK\BLOBBYWARRIORS\BUILD\FREEGLUT\FREEGLUT_STATIC.DIR\DEBUG\FREEGLUT_STATE.OBJ
C:\USERS\VISUS\DESKTOP\BLOBBY\TRUNK\BLOBBYWARRIORS\BUILD\FREEGLUT\FREEGLUT_STATIC.DIR\DEBUG\FREEGLUT_STROKE_MONO_ROMAN.OBJ
C:\USERS\VISUS\DESKTOP\BLOBBY\TRUNK\BLOBBYWARRIORS\BUILD\FREEGLUT\FREEGLUT_STATIC.DIR\DEBUG\FREEGLUT_STROKE_ROMAN.OBJ
C:\USERS\VISUS\DESKTOP\BLOBBY\TRUNK\BLOBBYWARRIORS\BUILD\FREEGLUT\FREEGLUT_STATIC.DIR\DEBUG\FREEGLUT_STRUCTURE.OBJ
C:\USERS\VISUS\DESKTOP\BLOBBY\TRUNK\BLOBBYWARRIORS\BUILD\FREEGLUT\FREEGLUT_STATIC.DIR\DEBUG\FREEGLUT_TEAPOT.OBJ
C:\USERS\VISUS\DESKTOP\BLOBBY\TRUNK\BLOBBYWARRIORS\BUILD\FREEGLUT\FREEGLUT_STATIC.DIR\DEBUG\FREEGLUT_VIDEORESIZE.OBJ
C:\USERS\VISUS\DESKTOP\BLOBBY\TRUNK\BLOBBYWARRIORS\BUILD\FREEGLUT\FREEGLUT_STATIC.DIR\DEBUG\FREEGLUT_WINDOW.OBJ
C:\Users\visus\Desktop\Blobby\trunk\BlobbyWarriors\Build\freeglut\freeglut_static.dir\Debug\lib.command.1.tlog
C:\Users\visus\Desktop\Blobby\trunk\BlobbyWarriors\Build\freeglut\freeglut_static.dir\Debug\Lib-link.read.1.tlog
C:\Users\visus\Desktop\Blobby\trunk\BlobbyWarriors\Build\freeglut\freeglut_static.dir\Debug\Lib-link.write.1.tlog
C:\USERS\VISUS\DESKTOP\BLOBBY\TRUNK\BLOBBYWARRIORS\BUILD\FREEGLUT\FREEGLUT_STATIC.DIR\DEBUG\VC100.PDB
C:\USERS\VISUS\DESKTOP\BLOBBY\TRUNK\BLOBBYWARRIORS\DEBUG\FREEGLUT_STATIC.LIB
