C:\Users\visus\Desktop\Blobby\trunk\BlobbyWarriors\Build\Box2D\..\..\Release\Box2D.lib
C:\USERS\VISUS\DESKTOP\BLOBBY\TRUNK\BLOBBYWARRIORS\BUILD\BOX2D\BOX2D.DIR\RELEASE\B2BLOCKALLOCATOR.OBJ
C:\USERS\VISUS\DESKTOP\BLOBBY\TRUNK\BLOBBYWARRIORS\BUILD\BOX2D\BOX2D.DIR\RELEASE\B2BODY.OBJ
C:\USERS\VISUS\DESKTOP\BLOBBY\TRUNK\BLOBBYWARRIORS\BUILD\BOX2D\BOX2D.DIR\RELEASE\B2BROADPHASE.OBJ
C:\USERS\VISUS\DESKTOP\BLOBBY\TRUNK\BLOBBYWARRIORS\BUILD\BOX2D\BOX2D.DIR\RELEASE\B2CIRCLECONTACT.OBJ
C:\USERS\VISUS\DESKTOP\BLOBBY\TRUNK\BLOBBYWARRIORS\BUILD\BOX2D\BOX2D.DIR\RELEASE\B2CIRCLESHAPE.OBJ
C:\USERS\VISUS\DESKTOP\BLOBBY\TRUNK\BLOBBYWARRIORS\BUILD\BOX2D\BOX2D.DIR\RELEASE\B2COLLIDECIRCLE.OBJ
C:\USERS\VISUS\DESKTOP\BLOBBY\TRUNK\BLOBBYWARRIORS\BUILD\BOX2D\BOX2D.DIR\RELEASE\B2COLLIDEPOLYGON.OBJ
C:\USERS\VISUS\DESKTOP\BLOBBY\TRUNK\BLOBBYWARRIORS\BUILD\BOX2D\BOX2D.DIR\RELEASE\B2COLLISION.OBJ
C:\USERS\VISUS\DESKTOP\BLOBBY\TRUNK\BLOBBYWARRIORS\BUILD\BOX2D\BOX2D.DIR\RELEASE\B2CONTACT.OBJ
C:\USERS\VISUS\DESKTOP\BLOBBY\TRUNK\BLOBBYWARRIORS\BUILD\BOX2D\BOX2D.DIR\RELEASE\B2CONTACTMANAGER.OBJ
C:\USERS\VISUS\DESKTOP\BLOBBY\TRUNK\BLOBBYWARRIORS\BUILD\BOX2D\BOX2D.DIR\RELEASE\B2CONTACTSOLVER.OBJ
C:\USERS\VISUS\DESKTOP\BLOBBY\TRUNK\BLOBBYWARRIORS\BUILD\BOX2D\BOX2D.DIR\RELEASE\B2DISTANCE.OBJ
C:\USERS\VISUS\DESKTOP\BLOBBY\TRUNK\BLOBBYWARRIORS\BUILD\BOX2D\BOX2D.DIR\RELEASE\B2DISTANCEJOINT.OBJ
C:\USERS\VISUS\DESKTOP\BLOBBY\TRUNK\BLOBBYWARRIORS\BUILD\BOX2D\BOX2D.DIR\RELEASE\B2DYNAMICTREE.OBJ
C:\USERS\VISUS\DESKTOP\BLOBBY\TRUNK\BLOBBYWARRIORS\BUILD\BOX2D\BOX2D.DIR\RELEASE\B2FIXTURE.OBJ
C:\USERS\VISUS\DESKTOP\BLOBBY\TRUNK\BLOBBYWARRIORS\BUILD\BOX2D\BOX2D.DIR\RELEASE\B2FRICTIONJOINT.OBJ
C:\USERS\VISUS\DESKTOP\BLOBBY\TRUNK\BLOBBYWARRIORS\BUILD\BOX2D\BOX2D.DIR\RELEASE\B2GEARJOINT.OBJ
C:\USERS\VISUS\DESKTOP\BLOBBY\TRUNK\BLOBBYWARRIORS\BUILD\BOX2D\BOX2D.DIR\RELEASE\B2ISLAND.OBJ
C:\USERS\VISUS\DESKTOP\BLOBBY\TRUNK\BLOBBYWARRIORS\BUILD\BOX2D\BOX2D.DIR\RELEASE\B2JOINT.OBJ
C:\USERS\VISUS\DESKTOP\BLOBBY\TRUNK\BLOBBYWARRIORS\BUILD\BOX2D\BOX2D.DIR\RELEASE\B2LINEJOINT.OBJ
C:\USERS\VISUS\DESKTOP\BLOBBY\TRUNK\BLOBBYWARRIORS\BUILD\BOX2D\BOX2D.DIR\RELEASE\B2MATH.OBJ
C:\USERS\VISUS\DESKTOP\BLOBBY\TRUNK\BLOBBYWARRIORS\BUILD\BOX2D\BOX2D.DIR\RELEASE\B2MOUSEJOINT.OBJ
C:\USERS\VISUS\DESKTOP\BLOBBY\TRUNK\BLOBBYWARRIORS\BUILD\BOX2D\BOX2D.DIR\RELEASE\B2POLYGONANDCIRCLECONTACT.OBJ
C:\USERS\VISUS\DESKTOP\BLOBBY\TRUNK\BLOBBYWARRIORS\BUILD\BOX2D\BOX2D.DIR\RELEASE\B2POLYGONCONTACT.OBJ
C:\USERS\VISUS\DESKTOP\BLOBBY\TRUNK\BLOBBYWARRIORS\BUILD\BOX2D\BOX2D.DIR\RELEASE\B2POLYGONSHAPE.OBJ
C:\USERS\VISUS\DESKTOP\BLOBBY\TRUNK\BLOBBYWARRIORS\BUILD\BOX2D\BOX2D.DIR\RELEASE\B2PRISMATICJOINT.OBJ
C:\USERS\VISUS\DESKTOP\BLOBBY\TRUNK\BLOBBYWARRIORS\BUILD\BOX2D\BOX2D.DIR\RELEASE\B2PULLEYJOINT.OBJ
C:\USERS\VISUS\DESKTOP\BLOBBY\TRUNK\BLOBBYWARRIORS\BUILD\BOX2D\BOX2D.DIR\RELEASE\B2REVOLUTEJOINT.OBJ
C:\USERS\VISUS\DESKTOP\BLOBBY\TRUNK\BLOBBYWARRIORS\BUILD\BOX2D\BOX2D.DIR\RELEASE\B2SETTINGS.OBJ
C:\USERS\VISUS\DESKTOP\BLOBBY\TRUNK\BLOBBYWARRIORS\BUILD\BOX2D\BOX2D.DIR\RELEASE\B2STACKALLOCATOR.OBJ
C:\USERS\VISUS\DESKTOP\BLOBBY\TRUNK\BLOBBYWARRIORS\BUILD\BOX2D\BOX2D.DIR\RELEASE\B2TIMEOFIMPACT.OBJ
C:\USERS\VISUS\DESKTOP\BLOBBY\TRUNK\BLOBBYWARRIORS\BUILD\BOX2D\BOX2D.DIR\RELEASE\B2TOISOLVER.OBJ
C:\USERS\VISUS\DESKTOP\BLOBBY\TRUNK\BLOBBYWARRIORS\BUILD\BOX2D\BOX2D.DIR\RELEASE\B2WELDJOINT.OBJ
C:\USERS\VISUS\DESKTOP\BLOBBY\TRUNK\BLOBBYWARRIORS\BUILD\BOX2D\BOX2D.DIR\RELEASE\B2WORLD.OBJ
C:\USERS\VISUS\DESKTOP\BLOBBY\TRUNK\BLOBBYWARRIORS\BUILD\BOX2D\BOX2D.DIR\RELEASE\B2WORLDCALLBACKS.OBJ
C:\Users\visus\Desktop\Blobby\trunk\BlobbyWarriors\Build\Box2D\Box2D.dir\Release\cl.command.1.tlog
C:\Users\visus\Desktop\Blobby\trunk\BlobbyWarriors\Build\Box2D\Box2D.dir\Release\CL.read.1.tlog
C:\Users\visus\Desktop\Blobby\trunk\BlobbyWarriors\Build\Box2D\Box2D.dir\Release\CL.write.1.tlog
C:\Users\visus\Desktop\Blobby\trunk\BlobbyWarriors\Build\Box2D\Box2D.dir\Release\lib.command.1.tlog
C:\Users\visus\Desktop\Blobby\trunk\BlobbyWarriors\Build\Box2D\Box2D.dir\Release\Lib-link.read.1.tlog
C:\Users\visus\Desktop\Blobby\trunk\BlobbyWarriors\Build\Box2D\Box2D.dir\Release\Lib-link.write.1.tlog
C:\USERS\VISUS\DESKTOP\BLOBBY\TRUNK\BLOBBYWARRIORS\BUILD\BOX2D\BOX2D.DIR\RELEASE\VC100.PDB
C:\USERS\VISUS\DESKTOP\BLOBBY\TRUNK\BLOBBYWARRIORS\RELEASE\BOX2D.LIB
