C:\Users\visus\Desktop\Blobby\trunk\BlobbyWarriors\Build\freeglut\..\..\Release\freeglut_static.lib
C:\Users\visus\Desktop\Blobby\trunk\BlobbyWarriors\Build\freeglut\freeglut_static.dir\Release\cl.command.1.tlog
C:\Users\visus\Desktop\Blobby\trunk\BlobbyWarriors\Build\freeglut\freeglut_static.dir\Release\CL.read.1.tlog
C:\Users\visus\Desktop\Blobby\trunk\BlobbyWarriors\Build\freeglut\freeglut_static.dir\Release\CL.write.1.tlog
C:\USERS\VISUS\DESKTOP\BLOBBY\TRUNK\BLOBBYWARRIORS\BUILD\FREEGLUT\FREEGLUT_STATIC.DIR\RELEASE\FREEGLUT_CALLBACKS.OBJ
C:\USERS\VISUS\DESKTOP\BLOBBY\TRUNK\BLOBBYWARRIORS\BUILD\FREEGLUT\FREEGLUT_STATIC.DIR\RELEASE\FREEGLUT_CURSOR.OBJ
C:\USERS\VISUS\DESKTOP\BLOBBY\TRUNK\BLOBBYWARRIORS\BUILD\FREEGLUT\FREEGLUT_STATIC.DIR\RELEASE\FREEGLUT_DISPLAY.OBJ
C:\USERS\VISUS\DESKTOP\BLOBBY\TRUNK\BLOBBYWARRIORS\BUILD\FREEGLUT\FREEGLUT_STATIC.DIR\RELEASE\FREEGLUT_EXT.OBJ
C:\USERS\VISUS\DESKTOP\BLOBBY\TRUNK\BLOBBYWARRIORS\BUILD\FREEGLUT\FREEGLUT_STATIC.DIR\RELEASE\FREEGLUT_FONT.OBJ
C:\USERS\VISUS\DESKTOP\BLOBBY\TRUNK\BLOBBYWARRIORS\BUILD\FREEGLUT\FREEGLUT_STATIC.DIR\RELEASE\FREEGLUT_FONT_DATA.OBJ
C:\USERS\VISUS\DESKTOP\BLOBBY\TRUNK\BLOBBYWARRIORS\BUILD\FREEGLUT\FREEGLUT_STATIC.DIR\RELEASE\FREEGLUT_GAMEMODE.OBJ
C:\USERS\VISUS\DESKTOP\BLOBBY\TRUNK\BLOBBYWARRIORS\BUILD\FREEGLUT\FREEGLUT_STATIC.DIR\RELEASE\FREEGLUT_GEOMETRY.OBJ
C:\USERS\VISUS\DESKTOP\BLOBBY\TRUNK\BLOBBYWARRIORS\BUILD\FREEGLUT\FREEGLUT_STATIC.DIR\RELEASE\FREEGLUT_GLUTFONT_DEFINITIONS.OBJ
C:\USERS\VISUS\DESKTOP\BLOBBY\TRUNK\BLOBBYWARRIORS\BUILD\FREEGLUT\FREEGLUT_STATIC.DIR\RELEASE\FREEGLUT_INIT.OBJ
C:\USERS\VISUS\DESKTOP\BLOBBY\TRUNK\BLOBBYWARRIORS\BUILD\FREEGLUT\FREEGLUT_STATIC.DIR\RELEASE\FREEGLUT_INPUT_DEVICES.OBJ
C:\USERS\VISUS\DESKTOP\BLOBBY\TRUNK\BLOBBYWARRIORS\BUILD\FREEGLUT\FREEGLUT_STATIC.DIR\RELEASE\FREEGLUT_JOYSTICK.OBJ
C:\USERS\VISUS\DESKTOP\BLOBBY\TRUNK\BLOBBYWARRIORS\BUILD\FREEGLUT\FREEGLUT_STATIC.DIR\RELEASE\FREEGLUT_MAIN.OBJ
C:\USERS\VISUS\DESKTOP\BLOBBY\TRUNK\BLOBBYWARRIORS\BUILD\FREEGLUT\FREEGLUT_STATIC.DIR\RELEASE\FREEGLUT_MENU.OBJ
C:\USERS\VISUS\DESKTOP\BLOBBY\TRUNK\BLOBBYWARRIORS\BUILD\FREEGLUT\FREEGLUT_STATIC.DIR\RELEASE\FREEGLUT_MISC.OBJ
C:\USERS\VISUS\DESKTOP\BLOBBY\TRUNK\BLOBBYWARRIORS\BUILD\FREEGLUT\FREEGLUT_STATIC.DIR\RELEASE\FREEGLUT_OVERLAY.OBJ
C:\USERS\VISUS\DESKTOP\BLOBBY\TRUNK\BLOBBYWARRIORS\BUILD\FREEGLUT\FREEGLUT_STATIC.DIR\RELEASE\FREEGLUT_SPACEBALL.OBJ
C:\USERS\VISUS\DESKTOP\BLOBBY\TRUNK\BLOBBYWARRIORS\BUILD\FREEGLUT\FREEGLUT_STATIC.DIR\RELEASE\FREEGLUT_STATE.OBJ
C:\USERS\VISUS\DESKTOP\BLOBBY\TRUNK\BLOBBYWARRIORS\BUILD\FREEGLUT\FREEGLUT_STATIC.DIR\RELEASE\FREEGLUT_STROKE_MONO_ROMAN.OBJ
C:\USERS\VISUS\DESKTOP\BLOBBY\TRUNK\BLOBBYWARRIORS\BUILD\FREEGLUT\FREEGLUT_STATIC.DIR\RELEASE\FREEGLUT_STROKE_ROMAN.OBJ
C:\USERS\VISUS\DESKTOP\BLOBBY\TRUNK\BLOBBYWARRIORS\BUILD\FREEGLUT\FREEGLUT_STATIC.DIR\RELEASE\FREEGLUT_STRUCTURE.OBJ
C:\USERS\VISUS\DESKTOP\BLOBBY\TRUNK\BLOBBYWARRIORS\BUILD\FREEGLUT\FREEGLUT_STATIC.DIR\RELEASE\FREEGLUT_TEAPOT.OBJ
C:\USERS\VISUS\DESKTOP\BLOBBY\TRUNK\BLOBBYWARRIORS\BUILD\FREEGLUT\FREEGLUT_STATIC.DIR\RELEASE\FREEGLUT_VIDEORESIZE.OBJ
C:\USERS\VISUS\DESKTOP\BLOBBY\TRUNK\BLOBBYWARRIORS\BUILD\FREEGLUT\FREEGLUT_STATIC.DIR\RELEASE\FREEGLUT_WINDOW.OBJ
C:\Users\visus\Desktop\Blobby\trunk\BlobbyWarriors\Build\freeglut\freeglut_static.dir\Release\lib.command.1.tlog
C:\Users\visus\Desktop\Blobby\trunk\BlobbyWarriors\Build\freeglut\freeglut_static.dir\Release\Lib-link.read.1.tlog
C:\Users\visus\Desktop\Blobby\trunk\BlobbyWarriors\Build\freeglut\freeglut_static.dir\Release\Lib-link.write.1.tlog
C:\USERS\VISUS\DESKTOP\BLOBBY\TRUNK\BLOBBYWARRIORS\BUILD\FREEGLUT\FREEGLUT_STATIC.DIR\RELEASE\VC100.PDB
C:\USERS\VISUS\DESKTOP\BLOBBY\TRUNK\BLOBBYWARRIORS\RELEASE\FREEGLUT_STATIC.LIB
