C:\USERS\VISUS\DESKTOP\BLOBBY\TRUNK\BLOBBYWARRIORS\BUILD\BLOBBYWARRIORS\BLOBBYWARRIORS.DIR\RELEASE-STATIC\ABSTRACTCONTROLLER.OBJ
C:\USERS\VISUS\DESKTOP\BLOBBY\TRUNK\BLOBBYWARRIORS\BUILD\BLOBBYWARRIORS\BLOBBYWARRIORS.DIR\RELEASE-STATIC\ABSTRACTENTITY.OBJ
C:\USERS\VISUS\DESKTOP\BLOBBY\TRUNK\BLOBBYWARRIORS\BUILD\BLOBBYWARRIORS\BLOBBYWARRIORS.DIR\RELEASE-STATIC\ABSTRACTWEAPON.OBJ
C:\USERS\VISUS\DESKTOP\BLOBBY\TRUNK\BLOBBYWARRIORS\BUILD\BLOBBYWARRIORS\BLOBBYWARRIORS.DIR\RELEASE-STATIC\BLOBBY.OBJ
C:\USERS\VISUS\DESKTOP\BLOBBY\TRUNK\BLOBBYWARRIORS\BUILD\BLOBBYWARRIORS\BLOBBYWARRIORS.DIR\RELEASE-STATIC\BLOBBYFACTORY.OBJ
C:\USERS\VISUS\DESKTOP\BLOBBY\TRUNK\BLOBBYWARRIORS\BUILD\BLOBBYWARRIORS\BLOBBYWARRIORS.DIR\RELEASE-STATIC\BOTCONTROLLER.OBJ
C:\USERS\VISUS\DESKTOP\BLOBBY\TRUNK\BLOBBYWARRIORS\BUILD\BLOBBYWARRIORS\BLOBBYWARRIORS.DIR\RELEASE-STATIC\CAMERA.OBJ
C:\Users\visus\Desktop\Blobby\trunk\BlobbyWarriors\Build\BlobbyWarriors\BlobbyWarriors.dir\Release-static\cl.command.1.tlog
C:\Users\visus\Desktop\Blobby\trunk\BlobbyWarriors\Build\BlobbyWarriors\BlobbyWarriors.dir\Release-static\CL.read.1.tlog
C:\Users\visus\Desktop\Blobby\trunk\BlobbyWarriors\Build\BlobbyWarriors\BlobbyWarriors.dir\Release-static\CL.write.1.tlog
C:\USERS\VISUS\DESKTOP\BLOBBY\TRUNK\BLOBBYWARRIORS\BUILD\BLOBBYWARRIORS\BLOBBYWARRIORS.DIR\RELEASE-STATIC\CONTACTLISTENER.OBJ
C:\USERS\VISUS\DESKTOP\BLOBBY\TRUNK\BLOBBYWARRIORS\BUILD\BLOBBYWARRIORS\BLOBBYWARRIORS.DIR\RELEASE-STATIC\DEBUG.OBJ
C:\USERS\VISUS\DESKTOP\BLOBBY\TRUNK\BLOBBYWARRIORS\BUILD\BLOBBYWARRIORS\BLOBBYWARRIORS.DIR\RELEASE-STATIC\ENTITYFACTORY.OBJ
C:\USERS\VISUS\DESKTOP\BLOBBY\TRUNK\BLOBBYWARRIORS\BUILD\BLOBBYWARRIORS\BLOBBYWARRIORS.DIR\RELEASE-STATIC\FLAMETHROWER.OBJ
C:\USERS\VISUS\DESKTOP\BLOBBY\TRUNK\BLOBBYWARRIORS\BUILD\BLOBBYWARRIORS\BLOBBYWARRIORS.DIR\RELEASE-STATIC\FLAMETHROWERBULLET.OBJ
C:\USERS\VISUS\DESKTOP\BLOBBY\TRUNK\BLOBBYWARRIORS\BUILD\BLOBBYWARRIORS\BLOBBYWARRIORS.DIR\RELEASE-STATIC\FLAMETHROWERBULLETFACTORY.OBJ
C:\USERS\VISUS\DESKTOP\BLOBBY\TRUNK\BLOBBYWARRIORS\BUILD\BLOBBYWARRIORS\BLOBBYWARRIORS.DIR\RELEASE-STATIC\FLAMETHROWERFACTORY.OBJ
C:\USERS\VISUS\DESKTOP\BLOBBY\TRUNK\BLOBBYWARRIORS\BUILD\BLOBBYWARRIORS\BLOBBYWARRIORS.DIR\RELEASE-STATIC\GAMEWORLD.OBJ
C:\USERS\VISUS\DESKTOP\BLOBBY\TRUNK\BLOBBYWARRIORS\BUILD\BLOBBYWARRIORS\BLOBBYWARRIORS.DIR\RELEASE-STATIC\GRAPHICSENGINE.OBJ
C:\USERS\VISUS\DESKTOP\BLOBBY\TRUNK\BLOBBYWARRIORS\BUILD\BLOBBYWARRIORS\BLOBBYWARRIORS.DIR\RELEASE-STATIC\GROUND.OBJ
C:\USERS\VISUS\DESKTOP\BLOBBY\TRUNK\BLOBBYWARRIORS\BUILD\BLOBBYWARRIORS\BLOBBYWARRIORS.DIR\RELEASE-STATIC\GROUNDFACTORY.OBJ
C:\USERS\VISUS\DESKTOP\BLOBBY\TRUNK\BLOBBYWARRIORS\BUILD\BLOBBYWARRIORS\BLOBBYWARRIORS.DIR\RELEASE-STATIC\IMAGE.OBJ
C:\USERS\VISUS\DESKTOP\BLOBBY\TRUNK\BLOBBYWARRIORS\BUILD\BLOBBYWARRIORS\BLOBBYWARRIORS.DIR\RELEASE-STATIC\IWEARABLE.OBJ
C:\USERS\VISUS\DESKTOP\BLOBBY\TRUNK\BLOBBYWARRIORS\BUILD\BLOBBYWARRIORS\BLOBBYWARRIORS.DIR\RELEASE-STATIC\KEYBOARDHANDLER.OBJ
C:\USERS\VISUS\DESKTOP\BLOBBY\TRUNK\BLOBBYWARRIORS\BUILD\BLOBBYWARRIORS\BLOBBYWARRIORS.DIR\RELEASE-STATIC\LEVEL.OBJ
C:\Users\visus\Desktop\Blobby\trunk\BlobbyWarriors\Build\BlobbyWarriors\BlobbyWarriors.dir\Release-static\link.command.1.tlog
C:\Users\visus\Desktop\Blobby\trunk\BlobbyWarriors\Build\BlobbyWarriors\BlobbyWarriors.dir\Release-static\link.read.1.tlog
C:\Users\visus\Desktop\Blobby\trunk\BlobbyWarriors\Build\BlobbyWarriors\BlobbyWarriors.dir\Release-static\link.write.1.tlog
C:\USERS\VISUS\DESKTOP\BLOBBY\TRUNK\BLOBBYWARRIORS\BUILD\BLOBBYWARRIORS\BLOBBYWARRIORS.DIR\RELEASE-STATIC\MACHINEGUN.OBJ
C:\USERS\VISUS\DESKTOP\BLOBBY\TRUNK\BLOBBYWARRIORS\BUILD\BLOBBYWARRIORS\BLOBBYWARRIORS.DIR\RELEASE-STATIC\MACHINEGUNBULLET.OBJ
C:\USERS\VISUS\DESKTOP\BLOBBY\TRUNK\BLOBBYWARRIORS\BUILD\BLOBBYWARRIORS\BLOBBYWARRIORS.DIR\RELEASE-STATIC\MACHINEGUNBULLETFACTORY.OBJ
C:\USERS\VISUS\DESKTOP\BLOBBY\TRUNK\BLOBBYWARRIORS\BUILD\BLOBBYWARRIORS\BLOBBYWARRIORS.DIR\RELEASE-STATIC\MACHINEGUNFACTORY.OBJ
C:\USERS\VISUS\DESKTOP\BLOBBY\TRUNK\BLOBBYWARRIORS\BUILD\BLOBBYWARRIORS\BLOBBYWARRIORS.DIR\RELEASE-STATIC\MAIN.OBJ
C:\USERS\VISUS\DESKTOP\BLOBBY\TRUNK\BLOBBYWARRIORS\BUILD\BLOBBYWARRIORS\BLOBBYWARRIORS.DIR\RELEASE-STATIC\MOUSEHANDLER.OBJ
C:\USERS\VISUS\DESKTOP\BLOBBY\TRUNK\BLOBBYWARRIORS\BUILD\BLOBBYWARRIORS\BLOBBYWARRIORS.DIR\RELEASE-STATIC\NETWORKCONTROLLER.OBJ
C:\USERS\VISUS\DESKTOP\BLOBBY\TRUNK\BLOBBYWARRIORS\BUILD\BLOBBYWARRIORS\BLOBBYWARRIORS.DIR\RELEASE-STATIC\PLAYERCONTROLLER.OBJ
C:\USERS\VISUS\DESKTOP\BLOBBY\TRUNK\BLOBBYWARRIORS\BUILD\BLOBBYWARRIORS\BLOBBYWARRIORS.DIR\RELEASE-STATIC\PUBLISHSUBSCRIBE.OBJ
C:\USERS\VISUS\DESKTOP\BLOBBY\TRUNK\BLOBBYWARRIORS\BUILD\BLOBBYWARRIORS\BLOBBYWARRIORS.DIR\RELEASE-STATIC\SIMULATOR.OBJ
C:\USERS\VISUS\DESKTOP\BLOBBY\TRUNK\BLOBBYWARRIORS\BUILD\BLOBBYWARRIORS\BLOBBYWARRIORS.DIR\RELEASE-STATIC\SKATEBOARD.OBJ
C:\USERS\VISUS\DESKTOP\BLOBBY\TRUNK\BLOBBYWARRIORS\BUILD\BLOBBYWARRIORS\BLOBBYWARRIORS.DIR\RELEASE-STATIC\SKATEBOARDFACTORY.OBJ
C:\USERS\VISUS\DESKTOP\BLOBBY\TRUNK\BLOBBYWARRIORS\BUILD\BLOBBYWARRIORS\BLOBBYWARRIORS.DIR\RELEASE-STATIC\SOUND.OBJ
C:\USERS\VISUS\DESKTOP\BLOBBY\TRUNK\BLOBBYWARRIORS\BUILD\BLOBBYWARRIORS\BLOBBYWARRIORS.DIR\RELEASE-STATIC\SOUNDENGINE.OBJ
C:\USERS\VISUS\DESKTOP\BLOBBY\TRUNK\BLOBBYWARRIORS\BUILD\BLOBBYWARRIORS\BLOBBYWARRIORS.DIR\RELEASE-STATIC\SOUNDMANAGER.OBJ
C:\USERS\VISUS\DESKTOP\BLOBBY\TRUNK\BLOBBYWARRIORS\BUILD\BLOBBYWARRIORS\BLOBBYWARRIORS.DIR\RELEASE-STATIC\TEXTURE.OBJ
C:\USERS\VISUS\DESKTOP\BLOBBY\TRUNK\BLOBBYWARRIORS\BUILD\BLOBBYWARRIORS\BLOBBYWARRIORS.DIR\RELEASE-STATIC\TEXTURELOADER.OBJ
C:\USERS\VISUS\DESKTOP\BLOBBY\TRUNK\BLOBBYWARRIORS\BUILD\BLOBBYWARRIORS\BLOBBYWARRIORS.DIR\RELEASE-STATIC\TEXTUREMANAGER.OBJ
C:\USERS\VISUS\DESKTOP\BLOBBY\TRUNK\BLOBBYWARRIORS\BUILD\BLOBBYWARRIORS\BLOBBYWARRIORS.DIR\RELEASE-STATIC\TEXTURIZER.OBJ
C:\USERS\VISUS\DESKTOP\BLOBBY\TRUNK\BLOBBYWARRIORS\BUILD\BLOBBYWARRIORS\BLOBBYWARRIORS.DIR\RELEASE-STATIC\VC100.PDB
