..\..\Debug-static\BlobbyWarriors.pdb
C:\USERS\VISUS\DESKTOP\BLOBBY\TRUNK\BLOBBYWARRIORS\BUILD\BLOBBYWARRIORS\BLOBBYWARRIORS.DIR\DEBUG-STATIC\ABSTRACTCONTROLLER.OBJ
C:\USERS\VISUS\DESKTOP\BLOBBY\TRUNK\BLOBBYWARRIORS\BUILD\BLOBBYWARRIORS\BLOBBYWARRIORS.DIR\DEBUG-STATIC\ABSTRACTENTITY.OBJ
C:\USERS\VISUS\DESKTOP\BLOBBY\TRUNK\BLOBBYWARRIORS\BUILD\BLOBBYWARRIORS\BLOBBYWARRIORS.DIR\DEBUG-STATIC\ABSTRACTWEAPON.OBJ
C:\USERS\VISUS\DESKTOP\BLOBBY\TRUNK\BLOBBYWARRIORS\BUILD\BLOBBYWARRIORS\BLOBBYWARRIORS.DIR\DEBUG-STATIC\BLOBBY.OBJ
C:\USERS\VISUS\DESKTOP\BLOBBY\TRUNK\BLOBBYWARRIORS\BUILD\BLOBBYWARRIORS\BLOBBYWARRIORS.DIR\DEBUG-STATIC\BLOBBYFACTORY.OBJ
C:\Users\visus\Desktop\Blobby\trunk\BlobbyWarriors\Build\BlobbyWarriors\BlobbyWarriors.dir\Debug-static\BlobbyWarriors.exe.embed.manifest
C:\USERS\VISUS\DESKTOP\BLOBBY\TRUNK\BLOBBYWARRIORS\BUILD\BLOBBYWARRIORS\BLOBBYWARRIORS.DIR\DEBUG-STATIC\BLOBBYWARRIORS.EXE.EMBED.MANIFEST.RES
C:\Users\visus\Desktop\Blobby\trunk\BlobbyWarriors\Build\BlobbyWarriors\BlobbyWarriors.dir\Debug-static\BlobbyWarriors.exe.intermediate.manifest
C:\Users\visus\Desktop\Blobby\trunk\BlobbyWarriors\Build\BlobbyWarriors\BlobbyWarriors.dir\Debug-static\BlobbyWarriors_manifest.rc
C:\USERS\VISUS\DESKTOP\BLOBBY\TRUNK\BLOBBYWARRIORS\BUILD\BLOBBYWARRIORS\BLOBBYWARRIORS.DIR\DEBUG-STATIC\BOTCONTROLLER.OBJ
C:\USERS\VISUS\DESKTOP\BLOBBY\TRUNK\BLOBBYWARRIORS\BUILD\BLOBBYWARRIORS\BLOBBYWARRIORS.DIR\DEBUG-STATIC\CAMERA.OBJ
C:\Users\visus\Desktop\Blobby\trunk\BlobbyWarriors\Build\BlobbyWarriors\BlobbyWarriors.dir\Debug-static\cl.command.1.tlog
C:\Users\visus\Desktop\Blobby\trunk\BlobbyWarriors\Build\BlobbyWarriors\BlobbyWarriors.dir\Debug-static\CL.read.1.tlog
C:\Users\visus\Desktop\Blobby\trunk\BlobbyWarriors\Build\BlobbyWarriors\BlobbyWarriors.dir\Debug-static\CL.write.1.tlog
C:\USERS\VISUS\DESKTOP\BLOBBY\TRUNK\BLOBBYWARRIORS\BUILD\BLOBBYWARRIORS\BLOBBYWARRIORS.DIR\DEBUG-STATIC\CONTACTLISTENER.OBJ
C:\USERS\VISUS\DESKTOP\BLOBBY\TRUNK\BLOBBYWARRIORS\BUILD\BLOBBYWARRIORS\BLOBBYWARRIORS.DIR\DEBUG-STATIC\DEBUG.OBJ
C:\USERS\VISUS\DESKTOP\BLOBBY\TRUNK\BLOBBYWARRIORS\BUILD\BLOBBYWARRIORS\BLOBBYWARRIORS.DIR\DEBUG-STATIC\ENTITYFACTORY.OBJ
C:\USERS\VISUS\DESKTOP\BLOBBY\TRUNK\BLOBBYWARRIORS\BUILD\BLOBBYWARRIORS\BLOBBYWARRIORS.DIR\DEBUG-STATIC\FLAMETHROWER.OBJ
C:\USERS\VISUS\DESKTOP\BLOBBY\TRUNK\BLOBBYWARRIORS\BUILD\BLOBBYWARRIORS\BLOBBYWARRIORS.DIR\DEBUG-STATIC\FLAMETHROWERBULLET.OBJ
C:\USERS\VISUS\DESKTOP\BLOBBY\TRUNK\BLOBBYWARRIORS\BUILD\BLOBBYWARRIORS\BLOBBYWARRIORS.DIR\DEBUG-STATIC\FLAMETHROWERBULLETFACTORY.OBJ
C:\USERS\VISUS\DESKTOP\BLOBBY\TRUNK\BLOBBYWARRIORS\BUILD\BLOBBYWARRIORS\BLOBBYWARRIORS.DIR\DEBUG-STATIC\FLAMETHROWERFACTORY.OBJ
C:\USERS\VISUS\DESKTOP\BLOBBY\TRUNK\BLOBBYWARRIORS\BUILD\BLOBBYWARRIORS\BLOBBYWARRIORS.DIR\DEBUG-STATIC\GAMEWORLD.OBJ
C:\USERS\VISUS\DESKTOP\BLOBBY\TRUNK\BLOBBYWARRIORS\BUILD\BLOBBYWARRIORS\BLOBBYWARRIORS.DIR\DEBUG-STATIC\GRAPHICSENGINE.OBJ
C:\USERS\VISUS\DESKTOP\BLOBBY\TRUNK\BLOBBYWARRIORS\BUILD\BLOBBYWARRIORS\BLOBBYWARRIORS.DIR\DEBUG-STATIC\GROUND.OBJ
C:\USERS\VISUS\DESKTOP\BLOBBY\TRUNK\BLOBBYWARRIORS\BUILD\BLOBBYWARRIORS\BLOBBYWARRIORS.DIR\DEBUG-STATIC\GROUNDFACTORY.OBJ
C:\USERS\VISUS\DESKTOP\BLOBBY\TRUNK\BLOBBYWARRIORS\BUILD\BLOBBYWARRIORS\BLOBBYWARRIORS.DIR\DEBUG-STATIC\IMAGE.OBJ
C:\USERS\VISUS\DESKTOP\BLOBBY\TRUNK\BLOBBYWARRIORS\BUILD\BLOBBYWARRIORS\BLOBBYWARRIORS.DIR\DEBUG-STATIC\IWEARABLE.OBJ
C:\USERS\VISUS\DESKTOP\BLOBBY\TRUNK\BLOBBYWARRIORS\BUILD\BLOBBYWARRIORS\BLOBBYWARRIORS.DIR\DEBUG-STATIC\KEYBOARDHANDLER.OBJ
C:\USERS\VISUS\DESKTOP\BLOBBY\TRUNK\BLOBBYWARRIORS\BUILD\BLOBBYWARRIORS\BLOBBYWARRIORS.DIR\DEBUG-STATIC\LEVEL.OBJ
C:\Users\visus\Desktop\Blobby\trunk\BlobbyWarriors\Build\BlobbyWarriors\BlobbyWarriors.dir\Debug-static\link.command.1.tlog
C:\Users\visus\Desktop\Blobby\trunk\BlobbyWarriors\Build\BlobbyWarriors\BlobbyWarriors.dir\Debug-static\link.read.1.tlog
C:\Users\visus\Desktop\Blobby\trunk\BlobbyWarriors\Build\BlobbyWarriors\BlobbyWarriors.dir\Debug-static\link.write.1.tlog
C:\Users\visus\Desktop\Blobby\trunk\BlobbyWarriors\Build\BlobbyWarriors\BlobbyWarriors.dir\Debug-static\link-cvtres.read.1.tlog
C:\Users\visus\Desktop\Blobby\trunk\BlobbyWarriors\Build\BlobbyWarriors\BlobbyWarriors.dir\Debug-static\link-cvtres.write.1.tlog
C:\USERS\VISUS\DESKTOP\BLOBBY\TRUNK\BLOBBYWARRIORS\BUILD\BLOBBYWARRIORS\BLOBBYWARRIORS.DIR\DEBUG-STATIC\MACHINEGUN.OBJ
C:\USERS\VISUS\DESKTOP\BLOBBY\TRUNK\BLOBBYWARRIORS\BUILD\BLOBBYWARRIORS\BLOBBYWARRIORS.DIR\DEBUG-STATIC\MACHINEGUNBULLET.OBJ
C:\USERS\VISUS\DESKTOP\BLOBBY\TRUNK\BLOBBYWARRIORS\BUILD\BLOBBYWARRIORS\BLOBBYWARRIORS.DIR\DEBUG-STATIC\MACHINEGUNBULLETFACTORY.OBJ
C:\USERS\VISUS\DESKTOP\BLOBBY\TRUNK\BLOBBYWARRIORS\BUILD\BLOBBYWARRIORS\BLOBBYWARRIORS.DIR\DEBUG-STATIC\MACHINEGUNFACTORY.OBJ
C:\USERS\VISUS\DESKTOP\BLOBBY\TRUNK\BLOBBYWARRIORS\BUILD\BLOBBYWARRIORS\BLOBBYWARRIORS.DIR\DEBUG-STATIC\MAIN.OBJ
C:\USERS\VISUS\DESKTOP\BLOBBY\TRUNK\BLOBBYWARRIORS\BUILD\BLOBBYWARRIORS\BLOBBYWARRIORS.DIR\DEBUG-STATIC\MOUSEHANDLER.OBJ
C:\USERS\VISUS\DESKTOP\BLOBBY\TRUNK\BLOBBYWARRIORS\BUILD\BLOBBYWARRIORS\BLOBBYWARRIORS.DIR\DEBUG-STATIC\NETWORKCONTROLLER.OBJ
C:\USERS\VISUS\DESKTOP\BLOBBY\TRUNK\BLOBBYWARRIORS\BUILD\BLOBBYWARRIORS\BLOBBYWARRIORS.DIR\DEBUG-STATIC\PLAYERCONTROLLER.OBJ
C:\USERS\VISUS\DESKTOP\BLOBBY\TRUNK\BLOBBYWARRIORS\BUILD\BLOBBYWARRIORS\BLOBBYWARRIORS.DIR\DEBUG-STATIC\PUBLISHSUBSCRIBE.OBJ
C:\Users\visus\Desktop\Blobby\trunk\BlobbyWarriors\Build\BlobbyWarriors\BlobbyWarriors.dir\Debug-static\rc.command.1.tlog
C:\Users\visus\Desktop\Blobby\trunk\BlobbyWarriors\Build\BlobbyWarriors\BlobbyWarriors.dir\Debug-static\rc.read.1.tlog
C:\Users\visus\Desktop\Blobby\trunk\BlobbyWarriors\Build\BlobbyWarriors\BlobbyWarriors.dir\Debug-static\rc.write.1.tlog
C:\USERS\VISUS\DESKTOP\BLOBBY\TRUNK\BLOBBYWARRIORS\BUILD\BLOBBYWARRIORS\BLOBBYWARRIORS.DIR\DEBUG-STATIC\SIMULATOR.OBJ
C:\USERS\VISUS\DESKTOP\BLOBBY\TRUNK\BLOBBYWARRIORS\BUILD\BLOBBYWARRIORS\BLOBBYWARRIORS.DIR\DEBUG-STATIC\SKATEBOARD.OBJ
C:\USERS\VISUS\DESKTOP\BLOBBY\TRUNK\BLOBBYWARRIORS\BUILD\BLOBBYWARRIORS\BLOBBYWARRIORS.DIR\DEBUG-STATIC\SKATEBOARDFACTORY.OBJ
C:\USERS\VISUS\DESKTOP\BLOBBY\TRUNK\BLOBBYWARRIORS\BUILD\BLOBBYWARRIORS\BLOBBYWARRIORS.DIR\DEBUG-STATIC\SOUND.OBJ
C:\USERS\VISUS\DESKTOP\BLOBBY\TRUNK\BLOBBYWARRIORS\BUILD\BLOBBYWARRIORS\BLOBBYWARRIORS.DIR\DEBUG-STATIC\SOUNDENGINE.OBJ
C:\USERS\VISUS\DESKTOP\BLOBBY\TRUNK\BLOBBYWARRIORS\BUILD\BLOBBYWARRIORS\BLOBBYWARRIORS.DIR\DEBUG-STATIC\SOUNDMANAGER.OBJ
C:\USERS\VISUS\DESKTOP\BLOBBY\TRUNK\BLOBBYWARRIORS\BUILD\BLOBBYWARRIORS\BLOBBYWARRIORS.DIR\DEBUG-STATIC\TEXTURE.OBJ
C:\USERS\VISUS\DESKTOP\BLOBBY\TRUNK\BLOBBYWARRIORS\BUILD\BLOBBYWARRIORS\BLOBBYWARRIORS.DIR\DEBUG-STATIC\TEXTURELOADER.OBJ
C:\USERS\VISUS\DESKTOP\BLOBBY\TRUNK\BLOBBYWARRIORS\BUILD\BLOBBYWARRIORS\BLOBBYWARRIORS.DIR\DEBUG-STATIC\TEXTUREMANAGER.OBJ
C:\USERS\VISUS\DESKTOP\BLOBBY\TRUNK\BLOBBYWARRIORS\BUILD\BLOBBYWARRIORS\BLOBBYWARRIORS.DIR\DEBUG-STATIC\TEXTURIZER.OBJ
C:\Users\visus\Desktop\Blobby\trunk\BlobbyWarriors\Build\BlobbyWarriors\BlobbyWarriors.dir\Debug-static\vc100.idb
C:\USERS\VISUS\DESKTOP\BLOBBY\TRUNK\BLOBBYWARRIORS\BUILD\BLOBBYWARRIORS\BLOBBYWARRIORS.DIR\DEBUG-STATIC\VC100.PDB
